{"/opt/data/studio/apps/soapcraft-pro/lib/auth-guards.ts": {"path":"/opt/data/studio/apps/soapcraft-pro/lib/auth-guards.ts","statementMap":{"0":{"start":{"line":27,"column":18},"end":{"line":27,"column":null}},"1":{"start":{"line":29,"column":2},"end":{"line":31,"column":null}},"2":{"start":{"line":30,"column":4},"end":{"line":30,"column":null}},"3":{"start":{"line":33,"column":2},"end":{"line":40,"column":null}},"4":{"start":{"line":49,"column":19},"end":{"line":53,"column":null}},"5":{"start":{"line":55,"column":2},"end":{"line":57,"column":null}},"6":{"start":{"line":56,"column":4},"end":{"line":56,"column":null}},"7":{"start":{"line":59,"column":2},"end":{"line":59,"column":null}},"8":{"start":{"line":68,"column":20},"end":{"line":72,"column":null}},"9":{"start":{"line":74,"column":2},"end":{"line":76,"column":null}},"10":{"start":{"line":75,"column":4},"end":{"line":75,"column":null}},"11":{"start":{"line":79,"column":19},"end":{"line":83,"column":null}},"12":{"start":{"line":85,"column":2},"end":{"line":87,"column":null}},"13":{"start":{"line":86,"column":4},"end":{"line":86,"column":null}},"14":{"start":{"line":89,"column":2},"end":{"line":89,"column":null}},"15":{"start":{"line":98,"column":18},"end":{"line":102,"column":null}},"16":{"start":{"line":104,"column":2},"end":{"line":106,"column":null}},"17":{"start":{"line":105,"column":4},"end":{"line":105,"column":null}},"18":{"start":{"line":108,"column":2},"end":{"line":108,"column":null}},"19":{"start":{"line":119,"column":2},"end":{"line":139,"column":null}},"20":{"start":{"line":120,"column":21},"end":{"line":124,"column":null}},"21":{"start":{"line":126,"column":4},"end":{"line":128,"column":null}},"22":{"start":{"line":127,"column":6},"end":{"line":127,"column":null}},"23":{"start":{"line":129,"column":9},"end":{"line":139,"column":null}},"24":{"start":{"line":130,"column":20},"end":{"line":134,"column":null}},"25":{"start":{"line":136,"column":4},"end":{"line":138,"column":null}},"26":{"start":{"line":137,"column":6},"end":{"line":137,"column":null}},"27":{"start":{"line":141,"column":2},"end":{"line":141,"column":null}},"28":{"start":{"line":152,"column":2},"end":{"line":168,"column":null}},"29":{"start":{"line":153,"column":24},"end":{"line":156,"column":null}},"30":{"start":{"line":158,"column":26},"end":{"line":161,"column":null}},"31":{"start":{"line":163,"column":4},"end":{"line":167,"column":null}},"32":{"start":{"line":170,"column":2},"end":{"line":180,"column":null}},"33":{"start":{"line":171,"column":24},"end":{"line":174,"column":null}},"34":{"start":{"line":176,"column":4},"end":{"line":179,"column":null}},"35":{"start":{"line":182,"column":2},"end":{"line":192,"column":null}},"36":{"start":{"line":183,"column":22},"end":{"line":186,"column":null}},"37":{"start":{"line":188,"column":4},"end":{"line":191,"column":null}},"38":{"start":{"line":194,"column":2},"end":{"line":194,"column":null}},"39":{"start":{"line":200,"column":2},"end":{"line":200,"column":null}}},"fnMap":{"0":{"name":"requireSessionUser","decl":{"start":{"line":26,"column":22},"end":{"line":26,"column":69}},"loc":{"start":{"line":26,"column":69},"end":{"line":41,"column":null}},"line":26},"1":{"name":"loadOwnedRecipe","decl":{"start":{"line":45,"column":22},"end":{"line":45,"column":null}},"loc":{"start":{"line":48,"column":129},"end":{"line":60,"column":null}},"line":48},"2":{"name":"loadOwnedRecipeVersion","decl":{"start":{"line":64,"column":22},"end":{"line":64,"column":null}},"loc":{"start":{"line":67,"column":174},"end":{"line":90,"column":null}},"line":67},"3":{"name":"loadOwnedBatch","decl":{"start":{"line":94,"column":22},"end":{"line":94,"column":null}},"loc":{"start":{"line":97,"column":128},"end":{"line":109,"column":null}},"line":97},"4":{"name":"verifyChildOwnership","decl":{"start":{"line":113,"column":22},"end":{"line":113,"column":null}},"loc":{"start":{"line":118,"column":78},"end":{"line":142,"column":null}},"line":118},"5":{"name":"curatedReadPolicy","decl":{"start":{"line":148,"column":22},"end":{"line":148,"column":null}},"loc":{"start":{"line":151,"column":2},"end":{"line":195,"column":null}},"line":151},"6":{"name":"invalidateCache","decl":{"start":{"line":199,"column":16},"end":{"line":199,"column":32}},"loc":{"start":{"line":199,"column":46},"end":{"line":201,"column":null}},"line":199}},"branchMap":{"0":{"loc":{"start":{"line":29,"column":2},"end":{"line":31,"column":null}},"type":"if","locations":[{"start":{"line":29,"column":2},"end":{"line":31,"column":null}},{"start":{},"end":{}}],"line":29},"1":{"loc":{"start":{"line":37,"column":13},"end":{"line":37,"column":null}},"type":"binary-expr","locations":[{"start":{"line":37,"column":13},"end":{"line":37,"column":35}},{"start":{"line":37,"column":35},"end":{"line":37,"column":null}}],"line":37},"2":{"loc":{"start":{"line":38,"column":12},"end":{"line":38,"column":null}},"type":"binary-expr","locations":[{"start":{"line":38,"column":12},"end":{"line":38,"column":33}},{"start":{"line":38,"column":33},"end":{"line":38,"column":null}}],"line":38},"3":{"loc":{"start":{"line":55,"column":2},"end":{"line":57,"column":null}},"type":"if","locations":[{"start":{"line":55,"column":2},"end":{"line":57,"column":null}},{"start":{},"end":{}}],"line":55},"4":{"loc":{"start":{"line":74,"column":2},"end":{"line":76,"column":null}},"type":"if","locations":[{"start":{"line":74,"column":2},"end":{"line":76,"column":null}},{"start":{},"end":{}}],"line":74},"5":{"loc":{"start":{"line":85,"column":2},"end":{"line":87,"column":null}},"type":"if","locations":[{"start":{"line":85,"column":2},"end":{"line":87,"column":null}},{"start":{},"end":{}}],"line":85},"6":{"loc":{"start":{"line":104,"column":2},"end":{"line":106,"column":null}},"type":"if","locations":[{"start":{"line":104,"column":2},"end":{"line":106,"column":null}},{"start":{},"end":{}}],"line":104},"7":{"loc":{"start":{"line":119,"column":2},"end":{"line":139,"column":null}},"type":"if","locations":[{"start":{"line":119,"column":2},"end":{"line":139,"column":null}},{"start":{"line":129,"column":9},"end":{"line":139,"column":null}}],"line":119},"8":{"loc":{"start":{"line":126,"column":4},"end":{"line":128,"column":null}},"type":"if","locations":[{"start":{"line":126,"column":4},"end":{"line":128,"column":null}},{"start":{},"end":{}}],"line":126},"9":{"loc":{"start":{"line":129,"column":9},"end":{"line":139,"column":null}},"type":"if","locations":[{"start":{"line":129,"column":9},"end":{"line":139,"column":null}},{"start":{},"end":{}}],"line":129},"10":{"loc":{"start":{"line":136,"column":4},"end":{"line":138,"column":null}},"type":"if","locations":[{"start":{"line":136,"column":4},"end":{"line":138,"column":null}},{"start":{},"end":{}}],"line":136},"11":{"loc":{"start":{"line":152,"column":2},"end":{"line":168,"column":null}},"type":"if","locations":[{"start":{"line":152,"column":2},"end":{"line":168,"column":null}},{"start":{},"end":{}}],"line":152},"12":{"loc":{"start":{"line":170,"column":2},"end":{"line":180,"column":null}},"type":"if","locations":[{"start":{"line":170,"column":2},"end":{"line":180,"column":null}},{"start":{},"end":{}}],"line":170},"13":{"loc":{"start":{"line":182,"column":2},"end":{"line":192,"column":null}},"type":"if","locations":[{"start":{"line":182,"column":2},"end":{"line":192,"column":null}},{"start":{},"end":{}}],"line":182}},"s":{"0":0,"1":0,"2":0,"3":0,"4":0,"5":0,"6":0,"7":0,"8":0,"9":0,"10":0,"11":0,"12":0,"13":0,"14":0,"15":0,"16":0,"17":0,"18":0,"19":0,"20":0,"21":0,"22":0,"23":0,"24":0,"25":0,"26":0,"27":0,"28":0,"29":0,"30":0,"31":0,"32":0,"33":0,"34":0,"35":0,"36":0,"37":0,"38":0,"39":0},"f":{"0":0,"1":0,"2":0,"3":0,"4":0,"5":0,"6":0},"b":{"0":[0,0],"1":[0,0],"2":[0,0],"3":[0,0],"4":[0,0],"5":[0,0],"6":[0,0],"7":[0,0],"8":[0,0],"9":[0,0],"10":[0,0],"11":[0,0],"12":[0,0],"13":[0,0]},"meta":{"lastBranch":14,"lastFunction":7,"lastStatement":40,"seen":{"f:26:22:26:69":0,"s:27:18:27:Infinity":0,"b:29:2:31:Infinity:undefined:undefined:undefined:undefined":0,"s:29:2:31:Infinity":1,"s:30:4:30:Infinity":2,"s:33:2:40:Infinity":3,"b:37:13:37:35:37:35:37:Infinity":1,"b:38:12:38:33:38:33:38:Infinity":2,"f:45:22:45:Infinity":1,"s:49:19:53:Infinity":4,"b:55:2:57:Infinity:undefined:undefined:undefined:undefined":3,"s:55:2:57:Infinity":5,"s:56:4:56:Infinity":6,"s:59:2:59:Infinity":7,"f:64:22:64:Infinity":2,"s:68:20:72:Infinity":8,"b:74:2:76:Infinity:undefined:undefined:undefined:undefined":4,"s:74:2:76:Infinity":9,"s:75:4:75:Infinity":10,"s:79:19:83:Infinity":11,"b:85:2:87:Infinity:undefined:undefined:undefined:undefined":5,"s:85:2:87:Infinity":12,"s:86:4:86:Infinity":13,"s:89:2:89:Infinity":14,"f:94:22:94:Infinity":3,"s:98:18:102:Infinity":15,"b:104:2:106:Infinity:undefined:undefined:undefined:undefined":6,"s:104:2:106:Infinity":16,"s:105:4:105:Infinity":17,"s:108:2:108:Infinity":18,"f:113:22:113:Infinity":4,"b:119:2:139:Infinity:129:9:139:Infinity":7,"s:119:2:139:Infinity":19,"s:120:21:124:Infinity":20,"b:126:4:128:Infinity:undefined:undefined:undefined:undefined":8,"s:126:4:128:Infinity":21,"s:127:6:127:Infinity":22,"b:129:9:139:Infinity:undefined:undefined:undefined:undefined":9,"s:129:9:139:Infinity":23,"s:130:20:134:Infinity":24,"b:136:4:138:Infinity:undefined:undefined:undefined:undefined":10,"s:136:4:138:Infinity":25,"s:137:6:137:Infinity":26,"s:141:2:141:Infinity":27,"f:148:22:148:Infinity":5,"b:152:2:168:Infinity:undefined:undefined:undefined:undefined":11,"s:152:2:168:Infinity":28,"s:153:24:156:Infinity":29,"s:158:26:161:Infinity":30,"s:163:4:167:Infinity":31,"b:170:2:180:Infinity:undefined:undefined:undefined:undefined":12,"s:170:2:180:Infinity":32,"s:171:24:174:Infinity":33,"s:176:4:179:Infinity":34,"b:182:2:192:Infinity:undefined:undefined:undefined:undefined":13,"s:182:2:192:Infinity":35,"s:183:22:186:Infinity":36,"s:188:4:191:Infinity":37,"s:194:2:194:Infinity":38,"f:199:16:199:32":6,"s:200:2:200:Infinity":39},"fnNames":{}}}
,"/opt/data/studio/apps/soapcraft-pro/lib/auth.ts": {"path":"/opt/data/studio/apps/soapcraft-pro/lib/auth.ts","statementMap":{"0":{"start":{"line":9,"column":2},"end":{"line":9,"column":null}},"1":{"start":{"line":15,"column":15},"end":{"line":15,"column":null}},"2":{"start":{"line":16,"column":21},"end":{"line":16,"column":null}},"3":{"start":{"line":17,"column":2},"end":{"line":17,"column":null}},"4":{"start":{"line":24,"column":25},"end":{"line":24,"column":null}},"5":{"start":{"line":25,"column":2},"end":{"line":25,"column":null}},"6":{"start":{"line":25,"column":24},"end":{"line":25,"column":null}},"7":{"start":{"line":26,"column":21},"end":{"line":26,"column":null}},"8":{"start":{"line":27,"column":20},"end":{"line":27,"column":null}},"9":{"start":{"line":28,"column":2},"end":{"line":28,"column":null}},"10":{"start":{"line":28,"column":46},"end":{"line":28,"column":null}},"11":{"start":{"line":29,"column":2},"end":{"line":29,"column":null}},"12":{"start":{"line":34,"column":44},"end":{"line":137,"column":null}},"13":{"start":{"line":51,"column":8},"end":{"line":54,"column":null}},"14":{"start":{"line":52,"column":10},"end":{"line":52,"column":null}},"15":{"start":{"line":53,"column":10},"end":{"line":53,"column":null}},"16":{"start":{"line":56,"column":22},"end":{"line":56,"column":null}},"17":{"start":{"line":59,"column":8},"end":{"line":84,"column":null}},"18":{"start":{"line":60,"column":10},"end":{"line":69,"column":null}},"19":{"start":{"line":71,"column":10},"end":{"line":80,"column":null}},"20":{"start":{"line":76,"column":12},"end":{"line":78,"column":null}},"21":{"start":{"line":79,"column":12},"end":{"line":79,"column":null}},"22":{"start":{"line":82,"column":10},"end":{"line":82,"column":null}},"23":{"start":{"line":83,"column":10},"end":{"line":83,"column":null}},"24":{"start":{"line":86,"column":21},"end":{"line":86,"column":null}},"25":{"start":{"line":87,"column":8},"end":{"line":90,"column":null}},"26":{"start":{"line":88,"column":10},"end":{"line":88,"column":null}},"27":{"start":{"line":89,"column":10},"end":{"line":89,"column":null}},"28":{"start":{"line":93,"column":8},"end":{"line":96,"column":null}},"29":{"start":{"line":94,"column":10},"end":{"line":94,"column":null}},"30":{"start":{"line":95,"column":10},"end":{"line":95,"column":null}},"31":{"start":{"line":98,"column":24},"end":{"line":98,"column":null}},"32":{"start":{"line":99,"column":8},"end":{"line":102,"column":null}},"33":{"start":{"line":100,"column":10},"end":{"line":100,"column":null}},"34":{"start":{"line":101,"column":10},"end":{"line":101,"column":null}},"35":{"start":{"line":104,"column":8},"end":{"line":108,"column":null}},"36":{"start":{"line":117,"column":6},"end":{"line":121,"column":null}},"37":{"start":{"line":118,"column":8},"end":{"line":118,"column":null}},"38":{"start":{"line":119,"column":8},"end":{"line":119,"column":null}},"39":{"start":{"line":120,"column":8},"end":{"line":120,"column":null}},"40":{"start":{"line":122,"column":6},"end":{"line":122,"column":null}},"41":{"start":{"line":125,"column":6},"end":{"line":129,"column":null}},"42":{"start":{"line":126,"column":8},"end":{"line":126,"column":null}},"43":{"start":{"line":127,"column":8},"end":{"line":127,"column":null}},"44":{"start":{"line":128,"column":8},"end":{"line":128,"column":null}},"45":{"start":{"line":130,"column":6},"end":{"line":130,"column":null}}},"fnMap":{"0":{"name":"logCredentialFailure","decl":{"start":{"line":8,"column":9},"end":{"line":8,"column":30}},"loc":{"start":{"line":8,"column":46},"end":{"line":10,"column":null}},"line":8},"1":{"name":"hashPassword","decl":{"start":{"line":14,"column":16},"end":{"line":14,"column":29}},"loc":{"start":{"line":14,"column":55},"end":{"line":18,"column":null}},"line":14},"2":{"name":"verifyPassword","decl":{"start":{"line":20,"column":16},"end":{"line":20,"column":null}},"loc":{"start":{"line":23,"column":11},"end":{"line":30,"column":null}},"line":23},"3":{"name":"authorize","decl":{"start":{"line":50,"column":12},"end":{"line":50,"column":22}},"loc":{"start":{"line":50,"column":35},"end":{"line":109,"column":null}},"line":50},"4":{"name":"jwt","decl":{"start":{"line":116,"column":10},"end":{"line":116,"column":14}},"loc":{"start":{"line":116,"column":31},"end":{"line":123,"column":null}},"line":116},"5":{"name":"session","decl":{"start":{"line":124,"column":10},"end":{"line":124,"column":18}},"loc":{"start":{"line":124,"column":38},"end":{"line":131,"column":null}},"line":124}},"branchMap":{"0":{"loc":{"start":{"line":25,"column":2},"end":{"line":25,"column":null}},"type":"if","locations":[{"start":{"line":25,"column":2},"end":{"line":25,"column":null}},{"start":{},"end":{}}],"line":25},"1":{"loc":{"start":{"line":25,"column":6},"end":{"line":25,"column":24}},"type":"binary-expr","locations":[{"start":{"line":25,"column":6},"end":{"line":25,"column":15}},{"start":{"line":25,"column":15},"end":{"line":25,"column":24}}],"line":25},"2":{"loc":{"start":{"line":28,"column":2},"end":{"line":28,"column":null}},"type":"if","locations":[{"start":{"line":28,"column":2},"end":{"line":28,"column":null}},{"start":{},"end":{}}],"line":28},"3":{"loc":{"start":{"line":51,"column":8},"end":{"line":54,"column":null}},"type":"if","locations":[{"start":{"line":51,"column":8},"end":{"line":54,"column":null}},{"start":{},"end":{}}],"line":51},"4":{"loc":{"start":{"line":51,"column":12},"end":{"line":51,"column":59}},"type":"binary-expr","locations":[{"start":{"line":51,"column":12},"end":{"line":51,"column":35}},{"start":{"line":51,"column":35},"end":{"line":51,"column":59}}],"line":51},"5":{"loc":{"start":{"line":71,"column":10},"end":{"line":80,"column":null}},"type":"if","locations":[{"start":{"line":71,"column":10},"end":{"line":80,"column":null}},{"start":{},"end":{}}],"line":71},"6":{"loc":{"start":{"line":72,"column":12},"end":{"line":74,"column":null}},"type":"binary-expr","locations":[{"start":{"line":72,"column":12},"end":{"line":72,"column":null}},{"start":{"line":73,"column":13},"end":{"line":73,"column":null}},{"start":{"line":74,"column":14},"end":{"line":74,"column":null}}],"line":72},"7":{"loc":{"start":{"line":87,"column":8},"end":{"line":90,"column":null}},"type":"if","locations":[{"start":{"line":87,"column":8},"end":{"line":90,"column":null}},{"start":{},"end":{}}],"line":87},"8":{"loc":{"start":{"line":93,"column":8},"end":{"line":96,"column":null}},"type":"if","locations":[{"start":{"line":93,"column":8},"end":{"line":96,"column":null}},{"start":{},"end":{}}],"line":93},"9":{"loc":{"start":{"line":99,"column":8},"end":{"line":102,"column":null}},"type":"if","locations":[{"start":{"line":99,"column":8},"end":{"line":102,"column":null}},{"start":{},"end":{}}],"line":99},"10":{"loc":{"start":{"line":107,"column":16},"end":{"line":107,"column":null}},"type":"binary-expr","locations":[{"start":{"line":107,"column":16},"end":{"line":107,"column":29}},{"start":{"line":107,"column":29},"end":{"line":107,"column":null}}],"line":107},"11":{"loc":{"start":{"line":117,"column":6},"end":{"line":121,"column":null}},"type":"if","locations":[{"start":{"line":117,"column":6},"end":{"line":121,"column":null}},{"start":{},"end":{}}],"line":117},"12":{"loc":{"start":{"line":125,"column":6},"end":{"line":129,"column":null}},"type":"if","locations":[{"start":{"line":125,"column":6},"end":{"line":129,"column":null}},{"start":{},"end":{}}],"line":125}},"s":{"0":0,"1":0,"2":0,"3":0,"4":0,"5":0,"6":0,"7":0,"8":0,"9":0,"10":0,"11":0,"12":0,"13":0,"14":0,"15":0,"16":0,"17":0,"18":0,"19":0,"20":0,"21":0,"22":0,"23":0,"24":0,"25":0,"26":0,"27":0,"28":0,"29":0,"30":0,"31":0,"32":0,"33":0,"34":0,"35":0,"36":0,"37":0,"38":0,"39":0,"40":0,"41":0,"42":0,"43":0,"44":0,"45":0},"f":{"0":0,"1":0,"2":0,"3":0,"4":0,"5":0},"b":{"0":[0,0],"1":[0,0],"2":[0,0],"3":[0,0],"4":[0,0],"5":[0,0],"6":[0,0,0],"7":[0,0],"8":[0,0],"9":[0,0],"10":[0,0],"11":[0,0],"12":[0,0]},"meta":{"lastBranch":13,"lastFunction":6,"lastStatement":46,"seen":{"f:8:9:8:30":0,"s:9:2:9:Infinity":0,"f:14:16:14:29":1,"s:15:15:15:Infinity":1,"s:16:21:16:Infinity":2,"s:17:2:17:Infinity":3,"f:20:16:20:Infinity":2,"s:24:25:24:Infinity":4,"b:25:2:25:Infinity:undefined:undefined:undefined:undefined":0,"s:25:2:25:Infinity":5,"b:25:6:25:15:25:15:25:24":1,"s:25:24:25:Infinity":6,"s:26:21:26:Infinity":7,"s:27:20:27:Infinity":8,"b:28:2:28:Infinity:undefined:undefined:undefined:undefined":2,"s:28:2:28:Infinity":9,"s:28:46:28:Infinity":10,"s:29:2:29:Infinity":11,"s:34:44:137:Infinity":12,"f:50:12:50:22":3,"b:51:8:54:Infinity:undefined:undefined:undefined:undefined":3,"s:51:8:54:Infinity":13,"b:51:12:51:35:51:35:51:59":4,"s:52:10:52:Infinity":14,"s:53:10:53:Infinity":15,"s:56:22:56:Infinity":16,"s:59:8:84:Infinity":17,"s:60:10:69:Infinity":18,"b:71:10:80:Infinity:undefined:undefined:undefined:undefined":5,"s:71:10:80:Infinity":19,"b:72:12:72:Infinity:73:13:73:Infinity:74:14:74:Infinity":6,"s:76:12:78:Infinity":20,"s:79:12:79:Infinity":21,"s:82:10:82:Infinity":22,"s:83:10:83:Infinity":23,"s:86:21:86:Infinity":24,"b:87:8:90:Infinity:undefined:undefined:undefined:undefined":7,"s:87:8:90:Infinity":25,"s:88:10:88:Infinity":26,"s:89:10:89:Infinity":27,"b:93:8:96:Infinity:undefined:undefined:undefined:undefined":8,"s:93:8:96:Infinity":28,"s:94:10:94:Infinity":29,"s:95:10:95:Infinity":30,"s:98:24:98:Infinity":31,"b:99:8:102:Infinity:undefined:undefined:undefined:undefined":9,"s:99:8:102:Infinity":32,"s:100:10:100:Infinity":33,"s:101:10:101:Infinity":34,"s:104:8:108:Infinity":35,"b:107:16:107:29:107:29:107:Infinity":10,"f:116:10:116:14":4,"b:117:6:121:Infinity:undefined:undefined:undefined:undefined":11,"s:117:6:121:Infinity":36,"s:118:8:118:Infinity":37,"s:119:8:119:Infinity":38,"s:120:8:120:Infinity":39,"s:122:6:122:Infinity":40,"f:124:10:124:18":5,"b:125:6:129:Infinity:undefined:undefined:undefined:undefined":12,"s:125:6:129:Infinity":41,"s:126:8:126:Infinity":42,"s:127:8:127:Infinity":43,"s:128:8:128:Infinity":44,"s:130:6:130:Infinity":45},"fnNames":{}}}
,"/opt/data/studio/apps/soapcraft-pro/lib/blog-contract.ts": {"path":"/opt/data/studio/apps/soapcraft-pro/lib/blog-contract.ts","statementMap":{"0":{"start":{"line":21,"column":48},"end":{"line":24,"column":null}},"1":{"start":{"line":25,"column":30},"end":{"line":25,"column":null}},"2":{"start":{"line":26,"column":31},"end":{"line":29,"column":null}},"3":{"start":{"line":31,"column":23},"end":{"line":31,"column":null}},"4":{"start":{"line":32,"column":17},"end":{"line":32,"column":null}},"5":{"start":{"line":33,"column":20},"end":{"line":33,"column":null}},"6":{"start":{"line":34,"column":21},"end":{"line":34,"column":null}},"7":{"start":{"line":35,"column":20},"end":{"line":35,"column":null}},"8":{"start":{"line":38,"column":2},"end":{"line":38,"column":null}},"9":{"start":{"line":41,"column":2},"end":{"line":41,"column":null}},"10":{"start":{"line":44,"column":2},"end":{"line":44,"column":null}},"11":{"start":{"line":47,"column":2},"end":{"line":47,"column":null}},"12":{"start":{"line":47,"column":30},"end":{"line":47,"column":null}},"13":{"start":{"line":48,"column":16},"end":{"line":48,"column":null}},"14":{"start":{"line":49,"column":2},"end":{"line":49,"column":null}},"15":{"start":{"line":49,"column":49},"end":{"line":49,"column":null}},"16":{"start":{"line":50,"column":29},"end":{"line":50,"column":null}},"17":{"start":{"line":51,"column":16},"end":{"line":51,"column":null}},"18":{"start":{"line":52,"column":2},"end":{"line":52,"column":null}},"19":{"start":{"line":55,"column":2},"end":{"line":55,"column":null}},"20":{"start":{"line":55,"column":118},"end":{"line":55,"column":null}},"21":{"start":{"line":56,"column":2},"end":{"line":59,"column":null}},"22":{"start":{"line":57,"column":16},"end":{"line":57,"column":null}},"23":{"start":{"line":58,"column":4},"end":{"line":58,"column":null}},"24":{"start":{"line":59,"column":12},"end":{"line":59,"column":26}},"25":{"start":{"line":65,"column":27},"end":{"line":65,"column":null}},"26":{"start":{"line":66,"column":29},"end":{"line":66,"column":null}},"27":{"start":{"line":67,"column":2},"end":{"line":67,"column":null}},"28":{"start":{"line":67,"column":23},"end":{"line":67,"column":null}},"29":{"start":{"line":69,"column":2},"end":{"line":72,"column":null}},"30":{"start":{"line":70,"column":4},"end":{"line":71,"column":null}},"31":{"start":{"line":70,"column":26},"end":{"line":70,"column":null}},"32":{"start":{"line":71,"column":9},"end":{"line":71,"column":null}},"33":{"start":{"line":71,"column":43},"end":{"line":71,"column":null}},"34":{"start":{"line":73,"column":2},"end":{"line":73,"column":null}},"35":{"start":{"line":73,"column":70},"end":{"line":73,"column":null}},"36":{"start":{"line":74,"column":2},"end":{"line":74,"column":null}},"37":{"start":{"line":74,"column":70},"end":{"line":74,"column":null}},"38":{"start":{"line":75,"column":2},"end":{"line":76,"column":null}},"39":{"start":{"line":75,"column":25},"end":{"line":75,"column":null}},"40":{"start":{"line":76,"column":7},"end":{"line":76,"column":null}},"41":{"start":{"line":76,"column":42},"end":{"line":76,"column":null}},"42":{"start":{"line":77,"column":2},"end":{"line":78,"column":null}},"43":{"start":{"line":77,"column":32},"end":{"line":77,"column":null}},"44":{"start":{"line":78,"column":7},"end":{"line":78,"column":null}},"45":{"start":{"line":78,"column":85},"end":{"line":78,"column":null}},"46":{"start":{"line":80,"column":2},"end":{"line":86,"column":null}},"47":{"start":{"line":80,"column":24},"end":{"line":80,"column":null}},"48":{"start":{"line":81,"column":7},"end":{"line":86,"column":null}},"49":{"start":{"line":81,"column":32},"end":{"line":81,"column":null}},"50":{"start":{"line":83,"column":4},"end":{"line":83,"column":null}},"51":{"start":{"line":83,"column":41},"end":{"line":83,"column":null}},"52":{"start":{"line":84,"column":4},"end":{"line":84,"column":null}},"53":{"start":{"line":84,"column":47},"end":{"line":84,"column":null}},"54":{"start":{"line":85,"column":4},"end":{"line":85,"column":null}},"55":{"start":{"line":85,"column":47},"end":{"line":85,"column":null}},"56":{"start":{"line":88,"column":2},"end":{"line":88,"column":null}},"57":{"start":{"line":88,"column":115},"end":{"line":88,"column":null}},"58":{"start":{"line":89,"column":2},"end":{"line":89,"column":null}},"59":{"start":{"line":89,"column":132},"end":{"line":89,"column":null}},"60":{"start":{"line":91,"column":2},"end":{"line":93,"column":null}},"61":{"start":{"line":92,"column":4},"end":{"line":92,"column":null}},"62":{"start":{"line":92,"column":108},"end":{"line":92,"column":null}},"63":{"start":{"line":94,"column":2},"end":{"line":94,"column":null}},"64":{"start":{"line":94,"column":65},"end":{"line":94,"column":null}},"65":{"start":{"line":95,"column":2},"end":{"line":95,"column":null}},"66":{"start":{"line":95,"column":128},"end":{"line":95,"column":null}},"67":{"start":{"line":97,"column":2},"end":{"line":97,"column":null}},"68":{"start":{"line":97,"column":104},"end":{"line":97,"column":null}},"69":{"start":{"line":98,"column":2},"end":{"line":98,"column":null}},"70":{"start":{"line":98,"column":163},"end":{"line":98,"column":null}},"71":{"start":{"line":100,"column":22},"end":{"line":100,"column":null}},"72":{"start":{"line":101,"column":2},"end":{"line":106,"column":null}},"73":{"start":{"line":102,"column":4},"end":{"line":102,"column":null}},"74":{"start":{"line":102,"column":40},"end":{"line":102,"column":null}},"75":{"start":{"line":103,"column":4},"end":{"line":103,"column":null}},"76":{"start":{"line":103,"column":39},"end":{"line":103,"column":null}},"77":{"start":{"line":104,"column":4},"end":{"line":104,"column":null}},"78":{"start":{"line":104,"column":67},"end":{"line":104,"column":null}},"79":{"start":{"line":105,"column":4},"end":{"line":105,"column":null}},"80":{"start":{"line":105,"column":39},"end":{"line":105,"column":null}},"81":{"start":{"line":108,"column":18},"end":{"line":108,"column":null}},"82":{"start":{"line":109,"column":2},"end":{"line":114,"column":null}},"83":{"start":{"line":110,"column":22},"end":{"line":110,"column":null}},"84":{"start":{"line":111,"column":4},"end":{"line":111,"column":null}},"85":{"start":{"line":111,"column":36},"end":{"line":111,"column":null}},"86":{"start":{"line":112,"column":4},"end":{"line":112,"column":null}},"87":{"start":{"line":112,"column":41},"end":{"line":112,"column":null}},"88":{"start":{"line":112,"column":99},"end":{"line":112,"column":null}},"89":{"start":{"line":113,"column":4},"end":{"line":113,"column":null}},"90":{"start":{"line":113,"column":43},"end":{"line":113,"column":null}},"91":{"start":{"line":113,"column":70},"end":{"line":113,"column":null}},"92":{"start":{"line":115,"column":2},"end":{"line":115,"column":null}},"93":{"start":{"line":115,"column":109},"end":{"line":115,"column":null}},"94":{"start":{"line":116,"column":2},"end":{"line":116,"column":null}}},"fnMap":{"0":{"name":"isRecord","decl":{"start":{"line":37,"column":9},"end":{"line":37,"column":18}},"loc":{"start":{"line":37,"column":68},"end":{"line":39,"column":null}},"line":37},"1":{"name":"nonemptyString","decl":{"start":{"line":40,"column":9},"end":{"line":40,"column":24}},"loc":{"start":{"line":40,"column":57},"end":{"line":42,"column":null}},"line":40},"2":{"name":"stringArray","decl":{"start":{"line":43,"column":9},"end":{"line":43,"column":21}},"loc":{"start":{"line":43,"column":74},"end":{"line":45,"column":null}},"line":43},"3":{"name":"validDate","decl":{"start":{"line":46,"column":9},"end":{"line":46,"column":19}},"loc":{"start":{"line":46,"column":44},"end":{"line":53,"column":null}},"line":46},"4":{"name":"validSource","decl":{"start":{"line":54,"column":9},"end":{"line":54,"column":21}},"loc":{"start":{"line":54,"column":46},"end":{"line":60,"column":null}},"line":54},"5":{"name":"validateBlogContract","decl":{"start":{"line":62,"column":16},"end":{"line":62,"column":37}},"loc":{"start":{"line":64,"column":2},"end":{"line":117,"column":null}},"line":64}},"branchMap":{"0":{"loc":{"start":{"line":38,"column":9},"end":{"line":38,"column":null}},"type":"binary-expr","locations":[{"start":{"line":38,"column":9},"end":{"line":38,"column":38}},{"start":{"line":38,"column":38},"end":{"line":38,"column":56}},{"start":{"line":38,"column":56},"end":{"line":38,"column":null}}],"line":38},"1":{"loc":{"start":{"line":41,"column":9},"end":{"line":41,"column":null}},"type":"binary-expr","locations":[{"start":{"line":41,"column":9},"end":{"line":41,"column":38}},{"start":{"line":41,"column":38},"end":{"line":41,"column":null}}],"line":41},"2":{"loc":{"start":{"line":43,"column":37},"end":{"line":43,"column":74}},"type":"default-arg","locations":[{"start":{"line":43,"column":48},"end":{"line":43,"column":74}}],"line":43},"3":{"loc":{"start":{"line":44,"column":9},"end":{"line":44,"column":null}},"type":"binary-expr","locations":[{"start":{"line":44,"column":9},"end":{"line":44,"column":34}},{"start":{"line":44,"column":34},"end":{"line":44,"column":47}},{"start":{"line":44,"column":47},"end":{"line":44,"column":68}},{"start":{"line":44,"column":68},"end":{"line":44,"column":null}}],"line":44},"4":{"loc":{"start":{"line":47,"column":2},"end":{"line":47,"column":null}},"type":"if","locations":[{"start":{"line":47,"column":2},"end":{"line":47,"column":null}},{"start":{},"end":{}}],"line":47},"5":{"loc":{"start":{"line":49,"column":2},"end":{"line":49,"column":null}},"type":"if","locations":[{"start":{"line":49,"column":2},"end":{"line":49,"column":null}},{"start":{},"end":{}}],"line":49},"6":{"loc":{"start":{"line":49,"column":6},"end":{"line":49,"column":49}},"type":"binary-expr","locations":[{"start":{"line":49,"column":6},"end":{"line":49,"column":16}},{"start":{"line":49,"column":16},"end":{"line":49,"column":49}}],"line":49},"7":{"loc":{"start":{"line":52,"column":9},"end":{"line":52,"column":null}},"type":"binary-expr","locations":[{"start":{"line":52,"column":9},"end":{"line":52,"column":44}},{"start":{"line":52,"column":44},"end":{"line":52,"column":81}},{"start":{"line":52,"column":81},"end":{"line":52,"column":null}}],"line":52},"8":{"loc":{"start":{"line":55,"column":2},"end":{"line":55,"column":null}},"type":"if","locations":[{"start":{"line":55,"column":2},"end":{"line":55,"column":null}},{"start":{},"end":{}}],"line":55},"9":{"loc":{"start":{"line":55,"column":6},"end":{"line":55,"column":118}},"type":"binary-expr","locations":[{"start":{"line":55,"column":6},"end":{"line":55,"column":26}},{"start":{"line":55,"column":26},"end":{"line":55,"column":58}},{"start":{"line":55,"column":58},"end":{"line":55,"column":90}},{"start":{"line":55,"column":90},"end":{"line":55,"column":118}}],"line":55},"10":{"loc":{"start":{"line":58,"column":4},"end":{"line":58,"column":null}},"type":"binary-expr","locations":[{"start":{"line":58,"column":12},"end":{"line":58,"column":40}},{"start":{"line":58,"column":40},"end":{"line":58,"column":70}},{"start":{"line":58,"column":70},"end":{"line":58,"column":null}}],"line":58},"11":{"loc":{"start":{"line":67,"column":2},"end":{"line":67,"column":null}},"type":"if","locations":[{"start":{"line":67,"column":2},"end":{"line":67,"column":null}},{"start":{},"end":{}}],"line":67},"12":{"loc":{"start":{"line":70,"column":4},"end":{"line":71,"column":null}},"type":"if","locations":[{"start":{"line":70,"column":4},"end":{"line":71,"column":null}},{"start":{"line":71,"column":9},"end":{"line":71,"column":null}}],"line":70},"13":{"loc":{"start":{"line":71,"column":9},"end":{"line":71,"column":null}},"type":"if","locations":[{"start":{"line":71,"column":9},"end":{"line":71,"column":null}},{"start":{},"end":{}}],"line":71},"14":{"loc":{"start":{"line":73,"column":2},"end":{"line":73,"column":null}},"type":"if","locations":[{"start":{"line":73,"column":2},"end":{"line":73,"column":null}},{"start":{},"end":{}}],"line":73},"15":{"loc":{"start":{"line":73,"column":6},"end":{"line":73,"column":70}},"type":"binary-expr","locations":[{"start":{"line":73,"column":6},"end":{"line":73,"column":39}},{"start":{"line":73,"column":39},"end":{"line":73,"column":70}}],"line":73},"16":{"loc":{"start":{"line":74,"column":2},"end":{"line":74,"column":null}},"type":"if","locations":[{"start":{"line":74,"column":2},"end":{"line":74,"column":null}},{"start":{},"end":{}}],"line":74},"17":{"loc":{"start":{"line":74,"column":6},"end":{"line":74,"column":70}},"type":"binary-expr","locations":[{"start":{"line":74,"column":6},"end":{"line":74,"column":40}},{"start":{"line":74,"column":40},"end":{"line":74,"column":70}}],"line":74},"18":{"loc":{"start":{"line":75,"column":2},"end":{"line":76,"column":null}},"type":"if","locations":[{"start":{"line":75,"column":2},"end":{"line":76,"column":null}},{"start":{"line":76,"column":7},"end":{"line":76,"column":null}}],"line":75},"19":{"loc":{"start":{"line":76,"column":7},"end":{"line":76,"column":null}},"type":"if","locations":[{"start":{"line":76,"column":7},"end":{"line":76,"column":null}},{"start":{},"end":{}}],"line":76},"20":{"loc":{"start":{"line":77,"column":2},"end":{"line":78,"column":null}},"type":"if","locations":[{"start":{"line":77,"column":2},"end":{"line":78,"column":null}},{"start":{"line":78,"column":7},"end":{"line":78,"column":null}}],"line":77},"21":{"loc":{"start":{"line":78,"column":7},"end":{"line":78,"column":null}},"type":"if","locations":[{"start":{"line":78,"column":7},"end":{"line":78,"column":null}},{"start":{},"end":{}}],"line":78},"22":{"loc":{"start":{"line":78,"column":11},"end":{"line":78,"column":85}},"type":"binary-expr","locations":[{"start":{"line":78,"column":11},"end":{"line":78,"column":51}},{"start":{"line":78,"column":51},"end":{"line":78,"column":85}}],"line":78},"23":{"loc":{"start":{"line":80,"column":2},"end":{"line":86,"column":null}},"type":"if","locations":[{"start":{"line":80,"column":2},"end":{"line":86,"column":null}},{"start":{"line":81,"column":7},"end":{"line":86,"column":null}}],"line":80},"24":{"loc":{"start":{"line":81,"column":7},"end":{"line":86,"column":null}},"type":"if","locations":[{"start":{"line":81,"column":7},"end":{"line":86,"column":null}},{"start":{"line":82,"column":7},"end":{"line":86,"column":null}}],"line":81},"25":{"loc":{"start":{"line":83,"column":4},"end":{"line":83,"column":null}},"type":"if","locations":[{"start":{"line":83,"column":4},"end":{"line":83,"column":null}},{"start":{},"end":{}}],"line":83},"26":{"loc":{"start":{"line":84,"column":4},"end":{"line":84,"column":null}},"type":"if","locations":[{"start":{"line":84,"column":4},"end":{"line":84,"column":null}},{"start":{},"end":{}}],"line":84},"27":{"loc":{"start":{"line":85,"column":4},"end":{"line":85,"column":null}},"type":"if","locations":[{"start":{"line":85,"column":4},"end":{"line":85,"column":null}},{"start":{},"end":{}}],"line":85},"28":{"loc":{"start":{"line":88,"column":2},"end":{"line":88,"column":null}},"type":"if","locations":[{"start":{"line":88,"column":2},"end":{"line":88,"column":null}},{"start":{},"end":{}}],"line":88},"29":{"loc":{"start":{"line":88,"column":6},"end":{"line":88,"column":115}},"type":"binary-expr","locations":[{"start":{"line":88,"column":6},"end":{"line":88,"column":42}},{"start":{"line":88,"column":42},"end":{"line":88,"column":80}},{"start":{"line":88,"column":80},"end":{"line":88,"column":115}}],"line":88},"30":{"loc":{"start":{"line":89,"column":2},"end":{"line":89,"column":null}},"type":"if","locations":[{"start":{"line":89,"column":2},"end":{"line":89,"column":null}},{"start":{},"end":{}}],"line":89},"31":{"loc":{"start":{"line":89,"column":6},"end":{"line":89,"column":132}},"type":"binary-expr","locations":[{"start":{"line":89,"column":6},"end":{"line":89,"column":38}},{"start":{"line":89,"column":38},"end":{"line":89,"column":72}},{"start":{"line":89,"column":72},"end":{"line":89,"column":132}}],"line":89},"32":{"loc":{"start":{"line":92,"column":4},"end":{"line":92,"column":null}},"type":"if","locations":[{"start":{"line":92,"column":4},"end":{"line":92,"column":null}},{"start":{},"end":{}}],"line":92},"33":{"loc":{"start":{"line":92,"column":8},"end":{"line":92,"column":108}},"type":"binary-expr","locations":[{"start":{"line":92,"column":8},"end":{"line":92,"column":25}},{"start":{"line":92,"column":25},"end":{"line":92,"column":54}},{"start":{"line":92,"column":54},"end":{"line":92,"column":78}},{"start":{"line":92,"column":78},"end":{"line":92,"column":108}}],"line":92},"34":{"loc":{"start":{"line":94,"column":2},"end":{"line":94,"column":null}},"type":"if","locations":[{"start":{"line":94,"column":2},"end":{"line":94,"column":null}},{"start":{},"end":{}}],"line":94},"35":{"loc":{"start":{"line":94,"column":6},"end":{"line":94,"column":65}},"type":"binary-expr","locations":[{"start":{"line":94,"column":6},"end":{"line":94,"column":32}},{"start":{"line":94,"column":32},"end":{"line":94,"column":65}}],"line":94},"36":{"loc":{"start":{"line":95,"column":2},"end":{"line":95,"column":null}},"type":"if","locations":[{"start":{"line":95,"column":2},"end":{"line":95,"column":null}},{"start":{},"end":{}}],"line":95},"37":{"loc":{"start":{"line":95,"column":6},"end":{"line":95,"column":128}},"type":"binary-expr","locations":[{"start":{"line":95,"column":6},"end":{"line":95,"column":32}},{"start":{"line":95,"column":32},"end":{"line":95,"column":67}},{"start":{"line":95,"column":67},"end":{"line":95,"column":97}},{"start":{"line":95,"column":97},"end":{"line":95,"column":128}}],"line":95},"38":{"loc":{"start":{"line":97,"column":2},"end":{"line":97,"column":null}},"type":"if","locations":[{"start":{"line":97,"column":2},"end":{"line":97,"column":null}},{"start":{},"end":{}}],"line":97},"39":{"loc":{"start":{"line":97,"column":6},"end":{"line":97,"column":104}},"type":"binary-expr","locations":[{"start":{"line":97,"column":6},"end":{"line":97,"column":37}},{"start":{"line":97,"column":37},"end":{"line":97,"column":69}},{"start":{"line":97,"column":69},"end":{"line":97,"column":104}}],"line":97},"40":{"loc":{"start":{"line":98,"column":2},"end":{"line":98,"column":null}},"type":"if","locations":[{"start":{"line":98,"column":2},"end":{"line":98,"column":null}},{"start":{},"end":{}}],"line":98},"41":{"loc":{"start":{"line":98,"column":6},"end":{"line":98,"column":163}},"type":"binary-expr","locations":[{"start":{"line":98,"column":6},"end":{"line":98,"column":43}},{"start":{"line":98,"column":43},"end":{"line":98,"column":76}},{"start":{"line":98,"column":76},"end":{"line":98,"column":120}},{"start":{"line":98,"column":120},"end":{"line":98,"column":163}}],"line":98},"42":{"loc":{"start":{"line":100,"column":22},"end":{"line":100,"column":null}},"type":"binary-expr","locations":[{"start":{"line":100,"column":22},"end":{"line":100,"column":63}},{"start":{"line":100,"column":63},"end":{"line":100,"column":null}}],"line":100},"43":{"loc":{"start":{"line":101,"column":2},"end":{"line":106,"column":null}},"type":"if","locations":[{"start":{"line":101,"column":2},"end":{"line":106,"column":null}},{"start":{},"end":{}}],"line":101},"44":{"loc":{"start":{"line":102,"column":4},"end":{"line":102,"column":null}},"type":"if","locations":[{"start":{"line":102,"column":4},"end":{"line":102,"column":null}},{"start":{},"end":{}}],"line":102},"45":{"loc":{"start":{"line":103,"column":4},"end":{"line":103,"column":null}},"type":"if","locations":[{"start":{"line":103,"column":4},"end":{"line":103,"column":null}},{"start":{},"end":{}}],"line":103},"46":{"loc":{"start":{"line":104,"column":4},"end":{"line":104,"column":null}},"type":"if","locations":[{"start":{"line":104,"column":4},"end":{"line":104,"column":null}},{"start":{},"end":{}}],"line":104},"47":{"loc":{"start":{"line":104,"column":8},"end":{"line":104,"column":67}},"type":"binary-expr","locations":[{"start":{"line":104,"column":8},"end":{"line":104,"column":40}},{"start":{"line":104,"column":40},"end":{"line":104,"column":67}}],"line":104},"48":{"loc":{"start":{"line":105,"column":4},"end":{"line":105,"column":null}},"type":"if","locations":[{"start":{"line":105,"column":4},"end":{"line":105,"column":null}},{"start":{},"end":{}}],"line":105},"49":{"loc":{"start":{"line":109,"column":2},"end":{"line":114,"column":null}},"type":"if","locations":[{"start":{"line":109,"column":2},"end":{"line":114,"column":null}},{"start":{},"end":{}}],"line":109},"50":{"loc":{"start":{"line":109,"column":6},"end":{"line":109,"column":57}},"type":"binary-expr","locations":[{"start":{"line":109,"column":6},"end":{"line":109,"column":37}},{"start":{"line":109,"column":37},"end":{"line":109,"column":57}}],"line":109},"51":{"loc":{"start":{"line":111,"column":4},"end":{"line":111,"column":null}},"type":"if","locations":[{"start":{"line":111,"column":4},"end":{"line":111,"column":null}},{"start":{},"end":{}}],"line":111},"52":{"loc":{"start":{"line":112,"column":41},"end":{"line":112,"column":null}},"type":"if","locations":[{"start":{"line":112,"column":41},"end":{"line":112,"column":null}},{"start":{},"end":{}}],"line":112},"53":{"loc":{"start":{"line":113,"column":43},"end":{"line":113,"column":null}},"type":"if","locations":[{"start":{"line":113,"column":43},"end":{"line":113,"column":null}},{"start":{},"end":{}}],"line":113},"54":{"loc":{"start":{"line":115,"column":2},"end":{"line":115,"column":null}},"type":"if","locations":[{"start":{"line":115,"column":2},"end":{"line":115,"column":null}},{"start":{},"end":{}}],"line":115},"55":{"loc":{"start":{"line":115,"column":6},"end":{"line":115,"column":109}},"type":"binary-expr","locations":[{"start":{"line":115,"column":6},"end":{"line":115,"column":34}},{"start":{"line":115,"column":34},"end":{"line":115,"column":87}},{"start":{"line":115,"column":87},"end":{"line":115,"column":109}}],"line":115}},"s":{"0":1,"1":1,"2":1,"3":1,"4":1,"5":1,"6":1,"7":1,"8":6,"9":36,"10":4,"11":4,"12":2,"13":2,"14":2,"15":0,"16":2,"17":2,"18":2,"19":0,"20":0,"21":0,"22":0,"23":0,"24":0,"25":2,"26":2,"27":2,"28":0,"29":2,"30":16,"31":0,"32":16,"33":0,"34":2,"35":0,"36":2,"37":0,"38":2,"39":0,"40":2,"41":0,"42":2,"43":0,"44":2,"45":0,"46":2,"47":0,"48":2,"49":0,"50":2,"51":0,"52":2,"53":0,"54":2,"55":0,"56":2,"57":0,"58":2,"59":0,"60":2,"61":10,"62":0,"63":2,"64":0,"65":2,"66":0,"67":2,"68":0,"69":2,"70":0,"71":2,"72":2,"73":2,"74":2,"75":2,"76":2,"77":2,"78":2,"79":2,"80":2,"81":2,"82":2,"83":2,"84":2,"85":1,"86":2,"87":6,"88":0,"89":2,"90":12,"91":0,"92":2,"93":2,"94":2},"f":{"0":6,"1":36,"2":4,"3":4,"4":0,"5":2},"b":{"0":[6,4,4],"1":[36,32],"2":[4],"3":[4,4,4,4],"4":[2,2],"5":[0,2],"6":[2,2],"7":[2,2,2],"8":[0,0],"9":[0,0,0,0],"10":[0,0,0],"11":[0,2],"12":[0,16],"13":[0,16],"14":[0,2],"15":[2,2],"16":[0,2],"17":[2,2],"18":[0,2],"19":[0,2],"20":[0,2],"21":[0,2],"22":[2,2],"23":[0,2],"24":[0,2],"25":[0,2],"26":[0,2],"27":[0,2],"28":[0,2],"29":[2,2,2],"30":[0,2],"31":[2,2,2],"32":[0,10],"33":[10,2,2,2],"34":[0,2],"35":[2,0],"36":[0,2],"37":[2,0,0,0],"38":[0,2],"39":[2,0,0],"40":[0,2],"41":[2,0,0,0],"42":[2,2],"43":[2,0],"44":[2,0],"45":[2,0],"46":[2,0],"47":[2,0],"48":[2,0],"49":[2,0],"50":[2,2],"51":[1,1],"52":[0,6],"53":[0,12],"54":[2,0],"55":[2,2,2]},"meta":{"lastBranch":56,"lastFunction":6,"lastStatement":95,"seen":{"s:21:48:24:Infinity":0,"s:25:30:25:Infinity":1,"s:26:31:29:Infinity":2,"s:31:23:31:Infinity":3,"s:32:17:32:Infinity":4,"s:33:20:33:Infinity":5,"s:34:21:34:Infinity":6,"s:35:20:35:Infinity":7,"f:37:9:37:18":0,"s:38:2:38:Infinity":8,"b:38:9:38:38:38:38:38:56:38:56:38:Infinity":0,"f:40:9:40:24":1,"s:41:2:41:Infinity":9,"b:41:9:41:38:41:38:41:Infinity":1,"f:43:9:43:21":2,"b:43:48:43:74":2,"s:44:2:44:Infinity":10,"b:44:9:44:34:44:34:44:47:44:47:44:68:44:68:44:Infinity":3,"f:46:9:46:19":3,"b:47:2:47:Infinity:undefined:undefined:undefined:undefined":4,"s:47:2:47:Infinity":11,"s:47:30:47:Infinity":12,"s:48:16:48:Infinity":13,"b:49:2:49:Infinity:undefined:undefined:undefined:undefined":5,"s:49:2:49:Infinity":14,"b:49:6:49:16:49:16:49:49":6,"s:49:49:49:Infinity":15,"s:50:29:50:Infinity":16,"s:51:16:51:Infinity":17,"s:52:2:52:Infinity":18,"b:52:9:52:44:52:44:52:81:52:81:52:Infinity":7,"f:54:9:54:21":4,"b:55:2:55:Infinity:undefined:undefined:undefined:undefined":8,"s:55:2:55:Infinity":19,"b:55:6:55:26:55:26:55:58:55:58:55:90:55:90:55:118":9,"s:55:118:55:Infinity":20,"s:56:2:59:Infinity":21,"s:57:16:57:Infinity":22,"s:58:4:58:Infinity":23,"b:58:12:58:40:58:40:58:70:58:70:58:Infinity":10,"s:59:12:59:26":24,"f:62:16:62:37":5,"s:65:27:65:Infinity":25,"s:66:29:66:Infinity":26,"b:67:2:67:Infinity:undefined:undefined:undefined:undefined":11,"s:67:2:67:Infinity":27,"s:67:23:67:Infinity":28,"s:69:2:72:Infinity":29,"b:70:4:71:Infinity:71:9:71:Infinity":12,"s:70:4:71:Infinity":30,"s:70:26:70:Infinity":31,"b:71:9:71:Infinity:undefined:undefined:undefined:undefined":13,"s:71:9:71:Infinity":32,"s:71:43:71:Infinity":33,"b:73:2:73:Infinity:undefined:undefined:undefined:undefined":14,"s:73:2:73:Infinity":34,"b:73:6:73:39:73:39:73:70":15,"s:73:70:73:Infinity":35,"b:74:2:74:Infinity:undefined:undefined:undefined:undefined":16,"s:74:2:74:Infinity":36,"b:74:6:74:40:74:40:74:70":17,"s:74:70:74:Infinity":37,"b:75:2:76:Infinity:76:7:76:Infinity":18,"s:75:2:76:Infinity":38,"s:75:25:75:Infinity":39,"b:76:7:76:Infinity:undefined:undefined:undefined:undefined":19,"s:76:7:76:Infinity":40,"s:76:42:76:Infinity":41,"b:77:2:78:Infinity:78:7:78:Infinity":20,"s:77:2:78:Infinity":42,"s:77:32:77:Infinity":43,"b:78:7:78:Infinity:undefined:undefined:undefined:undefined":21,"s:78:7:78:Infinity":44,"b:78:11:78:51:78:51:78:85":22,"s:78:85:78:Infinity":45,"b:80:2:86:Infinity:81:7:86:Infinity":23,"s:80:2:86:Infinity":46,"s:80:24:80:Infinity":47,"b:81:7:86:Infinity:82:7:86:Infinity":24,"s:81:7:86:Infinity":48,"s:81:32:81:Infinity":49,"b:83:4:83:Infinity:undefined:undefined:undefined:undefined":25,"s:83:4:83:Infinity":50,"s:83:41:83:Infinity":51,"b:84:4:84:Infinity:undefined:undefined:undefined:undefined":26,"s:84:4:84:Infinity":52,"s:84:47:84:Infinity":53,"b:85:4:85:Infinity:undefined:undefined:undefined:undefined":27,"s:85:4:85:Infinity":54,"s:85:47:85:Infinity":55,"b:88:2:88:Infinity:undefined:undefined:undefined:undefined":28,"s:88:2:88:Infinity":56,"b:88:6:88:42:88:42:88:80:88:80:88:115":29,"s:88:115:88:Infinity":57,"b:89:2:89:Infinity:undefined:undefined:undefined:undefined":30,"s:89:2:89:Infinity":58,"b:89:6:89:38:89:38:89:72:89:72:89:132":31,"s:89:132:89:Infinity":59,"s:91:2:93:Infinity":60,"b:92:4:92:Infinity:undefined:undefined:undefined:undefined":32,"s:92:4:92:Infinity":61,"b:92:8:92:25:92:25:92:54:92:54:92:78:92:78:92:108":33,"s:92:108:92:Infinity":62,"b:94:2:94:Infinity:undefined:undefined:undefined:undefined":34,"s:94:2:94:Infinity":63,"b:94:6:94:32:94:32:94:65":35,"s:94:65:94:Infinity":64,"b:95:2:95:Infinity:undefined:undefined:undefined:undefined":36,"s:95:2:95:Infinity":65,"b:95:6:95:32:95:32:95:67:95:67:95:97:95:97:95:128":37,"s:95:128:95:Infinity":66,"b:97:2:97:Infinity:undefined:undefined:undefined:undefined":38,"s:97:2:97:Infinity":67,"b:97:6:97:37:97:37:97:69:97:69:97:104":39,"s:97:104:97:Infinity":68,"b:98:2:98:Infinity:undefined:undefined:undefined:undefined":40,"s:98:2:98:Infinity":69,"b:98:6:98:43:98:43:98:76:98:76:98:120:98:120:98:163":41,"s:98:163:98:Infinity":70,"s:100:22:100:Infinity":71,"b:100:22:100:63:100:63:100:Infinity":42,"b:101:2:106:Infinity:undefined:undefined:undefined:undefined":43,"s:101:2:106:Infinity":72,"b:102:4:102:Infinity:undefined:undefined:undefined:undefined":44,"s:102:4:102:Infinity":73,"s:102:40:102:Infinity":74,"b:103:4:103:Infinity:undefined:undefined:undefined:undefined":45,"s:103:4:103:Infinity":75,"s:103:39:103:Infinity":76,"b:104:4:104:Infinity:undefined:undefined:undefined:undefined":46,"s:104:4:104:Infinity":77,"b:104:8:104:40:104:40:104:67":47,"s:104:67:104:Infinity":78,"b:105:4:105:Infinity:undefined:undefined:undefined:undefined":48,"s:105:4:105:Infinity":79,"s:105:39:105:Infinity":80,"s:108:18:108:Infinity":81,"b:109:2:114:Infinity:undefined:undefined:undefined:undefined":49,"s:109:2:114:Infinity":82,"b:109:6:109:37:109:37:109:57":50,"s:110:22:110:Infinity":83,"b:111:4:111:Infinity:undefined:undefined:undefined:undefined":51,"s:111:4:111:Infinity":84,"s:111:36:111:Infinity":85,"s:112:4:112:Infinity":86,"b:112:41:112:Infinity:undefined:undefined:undefined:undefined":52,"s:112:41:112:Infinity":87,"s:112:99:112:Infinity":88,"s:113:4:113:Infinity":89,"b:113:43:113:Infinity:undefined:undefined:undefined:undefined":53,"s:113:43:113:Infinity":90,"s:113:70:113:Infinity":91,"b:115:2:115:Infinity:undefined:undefined:undefined:undefined":54,"s:115:2:115:Infinity":92,"b:115:6:115:34:115:34:115:87:115:87:115:109":55,"s:115:109:115:Infinity":93,"s:116:2:116:Infinity":94},"fnNames":{}}}
,"/opt/data/studio/apps/soapcraft-pro/lib/blog.ts": {"path":"/opt/data/studio/apps/soapcraft-pro/lib/blog.ts","statementMap":{"0":{"start":{"line":38,"column":33},"end":{"line":38,"column":null}},"1":{"start":{"line":41,"column":2},"end":{"line":41,"column":null}},"2":{"start":{"line":41,"column":32},"end":{"line":41,"column":65}},"3":{"start":{"line":48,"column":2},"end":{"line":48,"column":null}},"4":{"start":{"line":48,"column":52},"end":{"line":48,"column":70}},"5":{"start":{"line":52,"column":2},"end":{"line":52,"column":null}},"6":{"start":{"line":52,"column":51},"end":{"line":52,"column":60}},"7":{"start":{"line":57,"column":37},"end":{"line":57,"column":null}},"8":{"start":{"line":60,"column":2},"end":{"line":60,"column":null}},"9":{"start":{"line":64,"column":2},"end":{"line":64,"column":null}},"10":{"start":{"line":68,"column":2},"end":{"line":68,"column":null}},"11":{"start":{"line":68,"column":36},"end":{"line":68,"column":62}},"12":{"start":{"line":72,"column":2},"end":{"line":72,"column":null}},"13":{"start":{"line":79,"column":18},"end":{"line":79,"column":null}},"14":{"start":{"line":80,"column":2},"end":{"line":80,"column":null}},"15":{"start":{"line":80,"column":16},"end":{"line":80,"column":null}},"16":{"start":{"line":82,"column":22},"end":{"line":82,"column":null}},"17":{"start":{"line":83,"column":2},"end":{"line":91,"column":null}},"18":{"start":{"line":84,"column":22},"end":{"line":84,"column":47}},"19":{"start":{"line":85,"column":20},"end":{"line":88,"column":6}},"20":{"start":{"line":87,"column":39},"end":{"line":87,"column":59}},"21":{"start":{"line":89,"column":20},"end":{"line":89,"column":37}},"22":{"start":{"line":91,"column":23},"end":{"line":91,"column":27}},"23":{"start":{"line":94,"column":30},"end":{"line":104,"column":null}}},"fnMap":{"0":{"name":"filterPublishedPosts","decl":{"start":{"line":40,"column":16},"end":{"line":40,"column":37}},"loc":{"start":{"line":40,"column":68},"end":{"line":42,"column":null}},"line":40},"1":{"name":"(anonymous_1)","decl":{"start":{"line":41,"column":15},"end":{"line":41,"column":23}},"loc":{"start":{"line":41,"column":32},"end":{"line":41,"column":65}},"line":41},"2":{"name":"getBlogPostFrom","decl":{"start":{"line":44,"column":16},"end":{"line":44,"column":null}},"loc":{"start":{"line":47,"column":24},"end":{"line":49,"column":null}},"line":47},"3":{"name":"(anonymous_3)","decl":{"start":{"line":48,"column":37},"end":{"line":48,"column":43}},"loc":{"start":{"line":48,"column":52},"end":{"line":48,"column":70}},"line":48},"4":{"name":"getAllBlogSlugsFrom","decl":{"start":{"line":51,"column":16},"end":{"line":51,"column":36}},"loc":{"start":{"line":51,"column":65},"end":{"line":53,"column":null}},"line":51},"5":{"name":"(anonymous_5)","decl":{"start":{"line":52,"column":37},"end":{"line":52,"column":42}},"loc":{"start":{"line":52,"column":51},"end":{"line":52,"column":60}},"line":52},"6":{"name":"getBlogPost","decl":{"start":{"line":59,"column":16},"end":{"line":59,"column":28}},"loc":{"start":{"line":59,"column":64},"end":{"line":61,"column":null}},"line":59},"7":{"name":"getAllBlogSlugs","decl":{"start":{"line":63,"column":16},"end":{"line":63,"column":44}},"loc":{"start":{"line":63,"column":44},"end":{"line":65,"column":null}},"line":63},"8":{"name":"getBlogPostsByCategory","decl":{"start":{"line":67,"column":16},"end":{"line":67,"column":39}},"loc":{"start":{"line":67,"column":69},"end":{"line":69,"column":null}},"line":67},"9":{"name":"(anonymous_9)","decl":{"start":{"line":68,"column":19},"end":{"line":68,"column":27}},"loc":{"start":{"line":68,"column":36},"end":{"line":68,"column":62}},"line":68},"10":{"name":"getPublishedPosts","decl":{"start":{"line":71,"column":16},"end":{"line":71,"column":48}},"loc":{"start":{"line":71,"column":48},"end":{"line":73,"column":null}},"line":71},"11":{"name":"getRelatedPosts","decl":{"start":{"line":75,"column":16},"end":{"line":75,"column":null}},"loc":{"start":{"line":78,"column":14},"end":{"line":92,"column":null}},"line":78},"12":{"name":"(anonymous_12)","decl":{"start":{"line":84,"column":5},"end":{"line":84,"column":13}},"loc":{"start":{"line":84,"column":22},"end":{"line":84,"column":47}},"line":84},"13":{"name":"(anonymous_13)","decl":{"start":{"line":85,"column":5},"end":{"line":85,"column":10}},"loc":{"start":{"line":85,"column":20},"end":{"line":88,"column":6}},"line":85},"14":{"name":"(anonymous_14)","decl":{"start":{"line":87,"column":23},"end":{"line":87,"column":31}},"loc":{"start":{"line":87,"column":39},"end":{"line":87,"column":59}},"line":87},"15":{"name":"(anonymous_15)","decl":{"start":{"line":89,"column":5},"end":{"line":89,"column":11}},"loc":{"start":{"line":89,"column":20},"end":{"line":89,"column":37}},"line":89},"16":{"name":"(anonymous_16)","decl":{"start":{"line":91,"column":5},"end":{"line":91,"column":10}},"loc":{"start":{"line":91,"column":23},"end":{"line":91,"column":27}},"line":91}},"branchMap":{"0":{"loc":{"start":{"line":77,"column":2},"end":{"line":77,"column":null}},"type":"default-arg","locations":[{"start":{"line":77,"column":18},"end":{"line":77,"column":null}}],"line":77},"1":{"loc":{"start":{"line":80,"column":2},"end":{"line":80,"column":null}},"type":"if","locations":[{"start":{"line":80,"column":2},"end":{"line":80,"column":null}},{"start":{},"end":{}}],"line":80}},"s":{"0":1,"1":5,"2":36,"3":2,"4":2,"5":1,"6":1,"7":1,"8":0,"9":0,"10":0,"11":0,"12":0,"13":0,"14":0,"15":0,"16":0,"17":0,"18":0,"19":0,"20":0,"21":0,"22":0,"23":1},"f":{"0":5,"1":36,"2":2,"3":2,"4":1,"5":1,"6":0,"7":0,"8":0,"9":0,"10":0,"11":0,"12":0,"13":0,"14":0,"15":0,"16":0},"b":{"0":[0],"1":[0,0]},"meta":{"lastBranch":2,"lastFunction":17,"lastStatement":24,"seen":{"s:38:33:38:Infinity":0,"f:40:16:40:37":0,"s:41:2:41:Infinity":1,"f:41:15:41:23":1,"s:41:32:41:65":2,"f:44:16:44:Infinity":2,"s:48:2:48:Infinity":3,"f:48:37:48:43":3,"s:48:52:48:70":4,"f:51:16:51:36":4,"s:52:2:52:Infinity":5,"f:52:37:52:42":5,"s:52:51:52:60":6,"s:57:37:57:Infinity":7,"f:59:16:59:28":6,"s:60:2:60:Infinity":8,"f:63:16:63:44":7,"s:64:2:64:Infinity":9,"f:67:16:67:39":8,"s:68:2:68:Infinity":10,"f:68:19:68:27":9,"s:68:36:68:62":11,"f:71:16:71:48":10,"s:72:2:72:Infinity":12,"f:75:16:75:Infinity":11,"b:77:18:77:Infinity":0,"s:79:18:79:Infinity":13,"b:80:2:80:Infinity:undefined:undefined:undefined:undefined":1,"s:80:2:80:Infinity":14,"s:80:16:80:Infinity":15,"s:82:22:82:Infinity":16,"s:83:2:91:Infinity":17,"f:84:5:84:13":12,"s:84:22:84:47":18,"f:85:5:85:10":13,"s:85:20:88:6":19,"f:87:23:87:31":14,"s:87:39:87:59":20,"f:89:5:89:11":15,"s:89:20:89:37":21,"f:91:5:91:10":16,"s:91:23:91:27":22,"s:94:30:104:Infinity":23},"fnNames":{}}}
,"/opt/data/studio/apps/soapcraft-pro/lib/dodo-payments.ts": {"path":"/opt/data/studio/apps/soapcraft-pro/lib/dodo-payments.ts","statementMap":{"0":{"start":{"line":4,"column":30},"end":{"line":4,"column":null}},"1":{"start":{"line":5,"column":29},"end":{"line":5,"column":null}},"2":{"start":{"line":6,"column":38},"end":{"line":6,"column":null}},"3":{"start":{"line":58,"column":14},"end":{"line":58,"column":null}},"4":{"start":{"line":60,"column":14},"end":{"line":67,"column":null}},"5":{"start":{"line":69,"column":2},"end":{"line":72,"column":null}},"6":{"start":{"line":70,"column":17},"end":{"line":70,"column":null}},"7":{"start":{"line":70,"column":47},"end":{"line":70,"column":50}},"8":{"start":{"line":71,"column":4},"end":{"line":71,"column":null}},"9":{"start":{"line":74,"column":2},"end":{"line":74,"column":null}},"10":{"start":{"line":80,"column":2},"end":{"line":83,"column":null}},"11":{"start":{"line":87,"column":2},"end":{"line":87,"column":null}},"12":{"start":{"line":97,"column":2},"end":{"line":104,"column":null}},"13":{"start":{"line":108,"column":2},"end":{"line":108,"column":null}},"14":{"start":{"line":115,"column":2},"end":{"line":118,"column":null}},"15":{"start":{"line":122,"column":2},"end":{"line":124,"column":null}},"16":{"start":{"line":128,"column":2},"end":{"line":130,"column":null}},"17":{"start":{"line":136,"column":2},"end":{"line":136,"column":null}},"18":{"start":{"line":140,"column":2},"end":{"line":140,"column":null}},"19":{"start":{"line":146,"column":2},"end":{"line":146,"column":null}},"20":{"start":{"line":153,"column":2},"end":{"line":156,"column":null}},"21":{"start":{"line":167,"column":2},"end":{"line":170,"column":null}},"22":{"start":{"line":178,"column":28},"end":{"line":178,"column":null}},"23":{"start":{"line":179,"column":2},"end":{"line":179,"column":null}}},"fnMap":{"0":{"name":"dodoRequest","decl":{"start":{"line":54,"column":15},"end":{"line":54,"column":null}},"loc":{"start":{"line":57,"column":14},"end":{"line":75,"column":null}},"line":57},"1":{"name":"(anonymous_1)","decl":{"start":{"line":70,"column":34},"end":{"line":70,"column":47}},"loc":{"start":{"line":70,"column":47},"end":{"line":70,"column":50}},"line":70},"2":{"name":"dodoCreateCustomer","decl":{"start":{"line":79,"column":22},"end":{"line":79,"column":41}},"loc":{"start":{"line":79,"column":71},"end":{"line":84,"column":null}},"line":79},"3":{"name":"dodoGetCustomer","decl":{"start":{"line":86,"column":22},"end":{"line":86,"column":38}},"loc":{"start":{"line":86,"column":58},"end":{"line":88,"column":null}},"line":86},"4":{"name":"dodoCreateSubscription","decl":{"start":{"line":92,"column":22},"end":{"line":92,"column":null}},"loc":{"start":{"line":96,"column":2},"end":{"line":105,"column":null}},"line":96},"5":{"name":"dodoGetSubscription","decl":{"start":{"line":107,"column":22},"end":{"line":107,"column":42}},"loc":{"start":{"line":107,"column":66},"end":{"line":109,"column":null}},"line":107},"6":{"name":"dodoUpdateSubscription","decl":{"start":{"line":111,"column":22},"end":{"line":111,"column":null}},"loc":{"start":{"line":114,"column":2},"end":{"line":119,"column":null}},"line":114},"7":{"name":"dodoCancelSubscription","decl":{"start":{"line":121,"column":22},"end":{"line":121,"column":45}},"loc":{"start":{"line":121,"column":69},"end":{"line":125,"column":null}},"line":121},"8":{"name":"dodoReactivateSubscription","decl":{"start":{"line":127,"column":22},"end":{"line":127,"column":49}},"loc":{"start":{"line":127,"column":73},"end":{"line":131,"column":null}},"line":127},"9":{"name":"dodoListPrices","decl":{"start":{"line":135,"column":22},"end":{"line":135,"column":39}},"loc":{"start":{"line":135,"column":39},"end":{"line":137,"column":null}},"line":135},"10":{"name":"dodoListProducts","decl":{"start":{"line":139,"column":22},"end":{"line":139,"column":41}},"loc":{"start":{"line":139,"column":41},"end":{"line":141,"column":null}},"line":139},"11":{"name":"dodoListPaymentMethods","decl":{"start":{"line":145,"column":22},"end":{"line":145,"column":45}},"loc":{"start":{"line":145,"column":65},"end":{"line":147,"column":null}},"line":145},"12":{"name":"dodoSetDefaultPaymentMethod","decl":{"start":{"line":149,"column":22},"end":{"line":149,"column":null}},"loc":{"start":{"line":152,"column":2},"end":{"line":157,"column":null}},"line":152},"13":{"name":"dodoCreateCheckoutSession","decl":{"start":{"line":161,"column":22},"end":{"line":161,"column":null}},"loc":{"start":{"line":166,"column":2},"end":{"line":171,"column":null}},"line":166},"14":{"name":"dodoVerifyWebhook","decl":{"start":{"line":175,"column":22},"end":{"line":175,"column":40}},"loc":{"start":{"line":175,"column":76},"end":{"line":180,"column":null}},"line":175}},"branchMap":{"0":{"loc":{"start":{"line":5,"column":29},"end":{"line":5,"column":null}},"type":"binary-expr","locations":[{"start":{"line":5,"column":29},"end":{"line":5,"column":65}},{"start":{"line":5,"column":65},"end":{"line":5,"column":null}}],"line":5},"1":{"loc":{"start":{"line":6,"column":38},"end":{"line":6,"column":null}},"type":"binary-expr","locations":[{"start":{"line":6,"column":38},"end":{"line":6,"column":83}},{"start":{"line":6,"column":83},"end":{"line":6,"column":null}}],"line":6},"2":{"loc":{"start":{"line":56,"column":2},"end":{"line":56,"column":null}},"type":"default-arg","locations":[{"start":{"line":56,"column":25},"end":{"line":56,"column":null}}],"line":56},"3":{"loc":{"start":{"line":69,"column":2},"end":{"line":72,"column":null}},"type":"if","locations":[{"start":{"line":69,"column":2},"end":{"line":72,"column":null}},{"start":{},"end":{}}],"line":69},"4":{"loc":{"start":{"line":71,"column":20},"end":{"line":71,"column":83}},"type":"binary-expr","locations":[{"start":{"line":71,"column":20},"end":{"line":71,"column":37}},{"start":{"line":71,"column":37},"end":{"line":71,"column":83}}],"line":71},"5":{"loc":{"start":{"line":82,"column":40},"end":{"line":82,"column":53}},"type":"binary-expr","locations":[{"start":{"line":82,"column":40},"end":{"line":82,"column":48}},{"start":{"line":82,"column":48},"end":{"line":82,"column":53}}],"line":82},"6":{"loc":{"start":{"line":102,"column":15},"end":{"line":102,"column":null}},"type":"binary-expr","locations":[{"start":{"line":102,"column":15},"end":{"line":102,"column":26}},{"start":{"line":102,"column":26},"end":{"line":102,"column":null}}],"line":102}},"s":{"0":0,"1":0,"2":0,"3":0,"4":0,"5":0,"6":0,"7":0,"8":0,"9":0,"10":0,"11":0,"12":0,"13":0,"14":0,"15":0,"16":0,"17":0,"18":0,"19":0,"20":0,"21":0,"22":0,"23":0},"f":{"0":0,"1":0,"2":0,"3":0,"4":0,"5":0,"6":0,"7":0,"8":0,"9":0,"10":0,"11":0,"12":0,"13":0,"14":0},"b":{"0":[0,0],"1":[0,0],"2":[0],"3":[0,0],"4":[0,0],"5":[0,0],"6":[0,0]},"meta":{"lastBranch":7,"lastFunction":15,"lastStatement":24,"seen":{"s:4:30:4:Infinity":0,"s:5:29:5:Infinity":1,"b:5:29:5:65:5:65:5:Infinity":0,"s:6:38:6:Infinity":2,"b:6:38:6:83:6:83:6:Infinity":1,"f:54:15:54:Infinity":0,"b:56:25:56:Infinity":2,"s:58:14:58:Infinity":3,"s:60:14:67:Infinity":4,"b:69:2:72:Infinity:undefined:undefined:undefined:undefined":3,"s:69:2:72:Infinity":5,"s:70:17:70:Infinity":6,"f:70:34:70:47":1,"s:70:47:70:50":7,"s:71:4:71:Infinity":8,"b:71:20:71:37:71:37:71:83":4,"s:74:2:74:Infinity":9,"f:79:22:79:41":2,"s:80:2:83:Infinity":10,"b:82:40:82:48:82:48:82:53":5,"f:86:22:86:38":3,"s:87:2:87:Infinity":11,"f:92:22:92:Infinity":4,"s:97:2:104:Infinity":12,"b:102:15:102:26:102:26:102:Infinity":6,"f:107:22:107:42":5,"s:108:2:108:Infinity":13,"f:111:22:111:Infinity":6,"s:115:2:118:Infinity":14,"f:121:22:121:45":7,"s:122:2:124:Infinity":15,"f:127:22:127:49":8,"s:128:2:130:Infinity":16,"f:135:22:135:39":9,"s:136:2:136:Infinity":17,"f:139:22:139:41":10,"s:140:2:140:Infinity":18,"f:145:22:145:45":11,"s:146:2:146:Infinity":19,"f:149:22:149:Infinity":12,"s:153:2:156:Infinity":20,"f:161:22:161:Infinity":13,"s:167:2:170:Infinity":21,"f:175:22:175:40":14,"s:178:28:178:Infinity":22,"s:179:2:179:Infinity":23},"fnNames":{}}}
,"/opt/data/studio/apps/soapcraft-pro/lib/utils.ts": {"path":"/opt/data/studio/apps/soapcraft-pro/lib/utils.ts","statementMap":{"0":{"start":{"line":5,"column":2},"end":{"line":5,"column":null}}},"fnMap":{"0":{"name":"cn","decl":{"start":{"line":4,"column":16},"end":{"line":4,"column":19}},"loc":{"start":{"line":4,"column":44},"end":{"line":6,"column":null}},"line":4}},"branchMap":{},"s":{"0":0},"f":{"0":0},"b":{},"meta":{"lastBranch":0,"lastFunction":1,"lastStatement":1,"seen":{"f:4:16:4:19":0,"s:5:2:5:Infinity":0},"fnNames":{}}}
,"/opt/data/studio/apps/soapcraft-pro/lib/analytics/analytics.ts": {"path":"/opt/data/studio/apps/soapcraft-pro/lib/analytics/analytics.ts","statementMap":{"0":{"start":{"line":8,"column":31},"end":{"line":44,"column":null}},"1":{"start":{"line":64,"column":4},"end":{"line":64,"column":null}},"2":{"start":{"line":65,"column":4},"end":{"line":65,"column":null}},"3":{"start":{"line":69,"column":4},"end":{"line":69,"column":null}},"4":{"start":{"line":69,"column":39},"end":{"line":69,"column":null}},"5":{"start":{"line":70,"column":13},"end":{"line":70,"column":null}},"6":{"start":{"line":71,"column":4},"end":{"line":74,"column":null}},"7":{"start":{"line":72,"column":6},"end":{"line":72,"column":null}},"8":{"start":{"line":73,"column":6},"end":{"line":73,"column":null}},"9":{"start":{"line":75,"column":4},"end":{"line":75,"column":null}},"10":{"start":{"line":82,"column":41},"end":{"line":87,"column":null}},"11":{"start":{"line":90,"column":4},"end":{"line":96,"column":null}},"12":{"start":{"line":101,"column":25},"end":{"line":101,"column":null}},"13":{"start":{"line":106,"column":2},"end":{"line":106,"column":null}},"14":{"start":{"line":110,"column":2},"end":{"line":110,"column":null}},"15":{"start":{"line":114,"column":2},"end":{"line":114,"column":null}},"16":{"start":{"line":118,"column":2},"end":{"line":118,"column":null}},"17":{"start":{"line":122,"column":2},"end":{"line":122,"column":null}},"18":{"start":{"line":126,"column":2},"end":{"line":126,"column":null}},"19":{"start":{"line":130,"column":2},"end":{"line":130,"column":null}},"20":{"start":{"line":134,"column":2},"end":{"line":134,"column":null}},"21":{"start":{"line":138,"column":2},"end":{"line":138,"column":null}},"22":{"start":{"line":142,"column":2},"end":{"line":142,"column":null}},"23":{"start":{"line":146,"column":2},"end":{"line":146,"column":null}},"24":{"start":{"line":150,"column":2},"end":{"line":150,"column":null}},"25":{"start":{"line":154,"column":2},"end":{"line":154,"column":null}},"26":{"start":{"line":158,"column":2},"end":{"line":158,"column":null}},"27":{"start":{"line":162,"column":2},"end":{"line":162,"column":null}},"28":{"start":{"line":166,"column":2},"end":{"line":166,"column":null}},"29":{"start":{"line":177,"column":2},"end":{"line":177,"column":null}},"30":{"start":{"line":188,"column":2},"end":{"line":188,"column":null}},"31":{"start":{"line":202,"column":23},"end":{"line":202,"column":null}},"32":{"start":{"line":205,"column":2},"end":{"line":246,"column":null}},"33":{"start":{"line":206,"column":17},"end":{"line":206,"column":null}},"34":{"start":{"line":207,"column":64},"end":{"line":207,"column":null}},"35":{"start":{"line":215,"column":4},"end":{"line":220,"column":null}},"36":{"start":{"line":216,"column":6},"end":{"line":219,"column":null}},"37":{"start":{"line":223,"column":24},"end":{"line":223,"column":null}},"38":{"start":{"line":224,"column":4},"end":{"line":229,"column":null}},"39":{"start":{"line":225,"column":6},"end":{"line":228,"column":null}},"40":{"start":{"line":233,"column":4},"end":{"line":235,"column":null}},"41":{"start":{"line":234,"column":6},"end":{"line":234,"column":null}},"42":{"start":{"line":237,"column":4},"end":{"line":240,"column":null}},"43":{"start":{"line":242,"column":4},"end":{"line":245,"column":null}}},"fnMap":{"0":{"name":"constructor","decl":{"start":{"line":63,"column":2},"end":{"line":63,"column":16}},"loc":{"start":{"line":63,"column":16},"end":{"line":66,"column":null}},"line":63},"1":{"name":"getOrCreateAnonymousId","decl":{"start":{"line":68,"column":2},"end":{"line":68,"column":43}},"loc":{"start":{"line":68,"column":43},"end":{"line":76,"column":null}},"line":68},"2":{"name":"track","decl":{"start":{"line":78,"column":2},"end":{"line":78,"column":null}},"loc":{"start":{"line":81,"column":10},"end":{"line":97,"column":null}},"line":81},"3":{"name":"(anonymous_3)","decl":{"start":{"line":94,"column":7},"end":{"line":94,"column":19}},"loc":{"start":{"line":94,"column":19},"end":{"line":96,"column":5}},"line":94},"4":{"name":"trackRecipeCreated","decl":{"start":{"line":105,"column":16},"end":{"line":105,"column":35}},"loc":{"start":{"line":105,"column":69},"end":{"line":107,"column":null}},"line":105},"5":{"name":"trackRecipeVersionCreated","decl":{"start":{"line":109,"column":16},"end":{"line":109,"column":42}},"loc":{"start":{"line":109,"column":77},"end":{"line":111,"column":null}},"line":109},"6":{"name":"trackBatchCreated","decl":{"start":{"line":113,"column":16},"end":{"line":113,"column":34}},"loc":{"start":{"line":113,"column":86},"end":{"line":115,"column":null}},"line":113},"7":{"name":"trackBatchStarted","decl":{"start":{"line":117,"column":16},"end":{"line":117,"column":34}},"loc":{"start":{"line":117,"column":51},"end":{"line":119,"column":null}},"line":117},"8":{"name":"trackBatchCompleted","decl":{"start":{"line":121,"column":16},"end":{"line":121,"column":36}},"loc":{"start":{"line":121,"column":53},"end":{"line":123,"column":null}},"line":121},"9":{"name":"trackBatchAbandoned","decl":{"start":{"line":125,"column":16},"end":{"line":125,"column":36}},"loc":{"start":{"line":125,"column":53},"end":{"line":127,"column":null}},"line":125},"10":{"name":"trackCureObservationCreated","decl":{"start":{"line":129,"column":16},"end":{"line":129,"column":44}},"loc":{"start":{"line":129,"column":74},"end":{"line":131,"column":null}},"line":129},"11":{"name":"trackCureMarkedReady","decl":{"start":{"line":133,"column":16},"end":{"line":133,"column":37}},"loc":{"start":{"line":133,"column":54},"end":{"line":135,"column":null}},"line":133},"12":{"name":"trackCureYieldRequested","decl":{"start":{"line":137,"column":16},"end":{"line":137,"column":40}},"loc":{"start":{"line":137,"column":57},"end":{"line":139,"column":null}},"line":137},"13":{"name":"trackCostCalculated","decl":{"start":{"line":141,"column":16},"end":{"line":141,"column":36}},"loc":{"start":{"line":141,"column":53},"end":{"line":143,"column":null}},"line":141},"14":{"name":"trackCostSaved","decl":{"start":{"line":145,"column":16},"end":{"line":145,"column":31}},"loc":{"start":{"line":145,"column":48},"end":{"line":147,"column":null}},"line":145},"15":{"name":"trackSessionStarted","decl":{"start":{"line":149,"column":16},"end":{"line":149,"column":38}},"loc":{"start":{"line":149,"column":38},"end":{"line":151,"column":null}},"line":149},"16":{"name":"trackSessionEnded","decl":{"start":{"line":153,"column":16},"end":{"line":153,"column":36}},"loc":{"start":{"line":153,"column":36},"end":{"line":155,"column":null}},"line":153},"17":{"name":"trackOnboardingStarted","decl":{"start":{"line":157,"column":16},"end":{"line":157,"column":41}},"loc":{"start":{"line":157,"column":41},"end":{"line":159,"column":null}},"line":157},"18":{"name":"trackOnboardingStepCompleted","decl":{"start":{"line":161,"column":16},"end":{"line":161,"column":45}},"loc":{"start":{"line":161,"column":59},"end":{"line":163,"column":null}},"line":161},"19":{"name":"trackOnboardingCompleted","decl":{"start":{"line":165,"column":16},"end":{"line":165,"column":43}},"loc":{"start":{"line":165,"column":43},"end":{"line":167,"column":null}},"line":165},"20":{"name":"activationQuery","decl":{"start":{"line":174,"column":16},"end":{"line":174,"column":34}},"loc":{"start":{"line":174,"column":34},"end":{"line":183,"column":null}},"line":174},"21":{"name":"connectedCompletionQuery","decl":{"start":{"line":185,"column":16},"end":{"line":185,"column":43}},"loc":{"start":{"line":185,"column":43},"end":{"line":198,"column":null}},"line":185},"22":{"name":"POST","decl":{"start":{"line":204,"column":22},"end":{"line":204,"column":27}},"loc":{"start":{"line":204,"column":41},"end":{"line":247,"column":null}},"line":204}},"branchMap":{"0":{"loc":{"start":{"line":69,"column":4},"end":{"line":69,"column":null}},"type":"if","locations":[{"start":{"line":69,"column":4},"end":{"line":69,"column":null}},{"start":{},"end":{}}],"line":69},"1":{"loc":{"start":{"line":71,"column":4},"end":{"line":74,"column":null}},"type":"if","locations":[{"start":{"line":71,"column":4},"end":{"line":74,"column":null}},{"start":{},"end":{}}],"line":71},"2":{"loc":{"start":{"line":215,"column":4},"end":{"line":220,"column":null}},"type":"if","locations":[{"start":{"line":215,"column":4},"end":{"line":220,"column":null}},{"start":{},"end":{}}],"line":215},"3":{"loc":{"start":{"line":215,"column":8},"end":{"line":215,"column":32}},"type":"binary-expr","locations":[{"start":{"line":215,"column":8},"end":{"line":215,"column":18}},{"start":{"line":215,"column":18},"end":{"line":215,"column":32}}],"line":215},"4":{"loc":{"start":{"line":224,"column":4},"end":{"line":229,"column":null}},"type":"if","locations":[{"start":{"line":224,"column":4},"end":{"line":229,"column":null}},{"start":{},"end":{}}],"line":224},"5":{"loc":{"start":{"line":233,"column":4},"end":{"line":235,"column":null}},"type":"if","locations":[{"start":{"line":233,"column":4},"end":{"line":235,"column":null}},{"start":{},"end":{}}],"line":233}},"s":{"0":0,"1":0,"2":0,"3":0,"4":0,"5":0,"6":0,"7":0,"8":0,"9":0,"10":0,"11":0,"12":0,"13":0,"14":0,"15":0,"16":0,"17":0,"18":0,"19":0,"20":0,"21":0,"22":0,"23":0,"24":0,"25":0,"26":0,"27":0,"28":0,"29":0,"30":0,"31":0,"32":0,"33":0,"34":0,"35":0,"36":0,"37":0,"38":0,"39":0,"40":0,"41":0,"42":0,"43":0},"f":{"0":0,"1":0,"2":0,"3":0,"4":0,"5":0,"6":0,"7":0,"8":0,"9":0,"10":0,"11":0,"12":0,"13":0,"14":0,"15":0,"16":0,"17":0,"18":0,"19":0,"20":0,"21":0,"22":0},"b":{"0":[0,0],"1":[0,0],"2":[0,0],"3":[0,0],"4":[0,0],"5":[0,0]},"meta":{"lastBranch":6,"lastFunction":23,"lastStatement":44,"seen":{"s:8:31:44:Infinity":0,"f:63:2:63:16":0,"s:64:4:64:Infinity":1,"s:65:4:65:Infinity":2,"f:68:2:68:43":1,"b:69:4:69:Infinity:undefined:undefined:undefined:undefined":0,"s:69:4:69:Infinity":3,"s:69:39:69:Infinity":4,"s:70:13:70:Infinity":5,"b:71:4:74:Infinity:undefined:undefined:undefined:undefined":1,"s:71:4:74:Infinity":6,"s:72:6:72:Infinity":7,"s:73:6:73:Infinity":8,"s:75:4:75:Infinity":9,"f:78:2:78:Infinity":2,"s:82:41:87:Infinity":10,"s:90:4:96:Infinity":11,"f:94:7:94:19":3,"s:101:25:101:Infinity":12,"f:105:16:105:35":4,"s:106:2:106:Infinity":13,"f:109:16:109:42":5,"s:110:2:110:Infinity":14,"f:113:16:113:34":6,"s:114:2:114:Infinity":15,"f:117:16:117:34":7,"s:118:2:118:Infinity":16,"f:121:16:121:36":8,"s:122:2:122:Infinity":17,"f:125:16:125:36":9,"s:126:2:126:Infinity":18,"f:129:16:129:44":10,"s:130:2:130:Infinity":19,"f:133:16:133:37":11,"s:134:2:134:Infinity":20,"f:137:16:137:40":12,"s:138:2:138:Infinity":21,"f:141:16:141:36":13,"s:142:2:142:Infinity":22,"f:145:16:145:31":14,"s:146:2:146:Infinity":23,"f:149:16:149:38":15,"s:150:2:150:Infinity":24,"f:153:16:153:36":16,"s:154:2:154:Infinity":25,"f:157:16:157:41":17,"s:158:2:158:Infinity":26,"f:161:16:161:45":18,"s:162:2:162:Infinity":27,"f:165:16:165:43":19,"s:166:2:166:Infinity":28,"f:174:16:174:34":20,"s:177:2:177:Infinity":29,"f:185:16:185:43":21,"s:188:2:188:Infinity":30,"s:202:23:202:Infinity":31,"f:204:22:204:27":22,"s:205:2:246:Infinity":32,"s:206:17:206:Infinity":33,"s:207:64:207:Infinity":34,"b:215:4:220:Infinity:undefined:undefined:undefined:undefined":2,"s:215:4:220:Infinity":35,"b:215:8:215:18:215:18:215:32":3,"s:216:6:219:Infinity":36,"s:223:24:223:Infinity":37,"b:224:4:229:Infinity:undefined:undefined:undefined:undefined":4,"s:224:4:229:Infinity":38,"s:225:6:228:Infinity":39,"b:233:4:235:Infinity:undefined:undefined:undefined:undefined":5,"s:233:4:235:Infinity":40,"s:234:6:234:Infinity":41,"s:237:4:240:Infinity":42,"s:242:4:245:Infinity":43},"fnNames":{}}}
,"/opt/data/studio/apps/soapcraft-pro/lib/analytics/posthog.ts": {"path":"/opt/data/studio/apps/soapcraft-pro/lib/analytics/posthog.ts","statementMap":{"0":{"start":{"line":7,"column":20},"end":{"line":7,"column":null}},"1":{"start":{"line":8,"column":21},"end":{"line":8,"column":null}},"2":{"start":{"line":14,"column":2},"end":{"line":14,"column":null}},"3":{"start":{"line":14,"column":20},"end":{"line":14,"column":null}},"4":{"start":{"line":16,"column":2},"end":{"line":23,"column":null}},"5":{"start":{"line":24,"column":2},"end":{"line":24,"column":null}},"6":{"start":{"line":31,"column":2},"end":{"line":31,"column":null}},"7":{"start":{"line":31,"column":37},"end":{"line":31,"column":null}},"8":{"start":{"line":32,"column":11},"end":{"line":32,"column":null}},"9":{"start":{"line":33,"column":2},"end":{"line":36,"column":null}},"10":{"start":{"line":34,"column":4},"end":{"line":34,"column":null}},"11":{"start":{"line":35,"column":4},"end":{"line":35,"column":null}},"12":{"start":{"line":37,"column":2},"end":{"line":37,"column":null}},"13":{"start":{"line":48,"column":2},"end":{"line":48,"column":null}},"14":{"start":{"line":48,"column":54},"end":{"line":48,"column":null}},"15":{"start":{"line":50,"column":2},"end":{"line":60,"column":null}},"16":{"start":{"line":51,"column":4},"end":{"line":57,"column":null}},"17":{"start":{"line":67,"column":2},"end":{"line":67,"column":null}},"18":{"start":{"line":71,"column":2},"end":{"line":71,"column":null}},"19":{"start":{"line":75,"column":2},"end":{"line":75,"column":null}},"20":{"start":{"line":79,"column":2},"end":{"line":79,"column":null}},"21":{"start":{"line":83,"column":2},"end":{"line":83,"column":null}},"22":{"start":{"line":87,"column":2},"end":{"line":87,"column":null}},"23":{"start":{"line":91,"column":2},"end":{"line":91,"column":null}},"24":{"start":{"line":95,"column":2},"end":{"line":95,"column":null}},"25":{"start":{"line":99,"column":2},"end":{"line":99,"column":null}},"26":{"start":{"line":105,"column":30},"end":{"line":142,"column":null}}},"fnMap":{"0":{"name":"initPostHog","decl":{"start":{"line":13,"column":16},"end":{"line":13,"column":36}},"loc":{"start":{"line":13,"column":36},"end":{"line":25,"column":null}},"line":13},"1":{"name":"getAnonymousId","decl":{"start":{"line":30,"column":9},"end":{"line":30,"column":34}},"loc":{"start":{"line":30,"column":34},"end":{"line":38,"column":null}},"line":30},"2":{"name":"posthogTrack","decl":{"start":{"line":44,"column":16},"end":{"line":44,"column":null}},"loc":{"start":{"line":47,"column":8},"end":{"line":61,"column":null}},"line":47},"3":{"name":"trackSeoImpression","decl":{"start":{"line":66,"column":16},"end":{"line":66,"column":35}},"loc":{"start":{"line":66,"column":82},"end":{"line":68,"column":null}},"line":66},"4":{"name":"trackSeoClick","decl":{"start":{"line":70,"column":16},"end":{"line":70,"column":30}},"loc":{"start":{"line":70,"column":77},"end":{"line":72,"column":null}},"line":70},"5":{"name":"trackSeoToolStarted","decl":{"start":{"line":74,"column":16},"end":{"line":74,"column":36}},"loc":{"start":{"line":74,"column":64},"end":{"line":76,"column":null}},"line":74},"6":{"name":"trackSeoToolCompleted","decl":{"start":{"line":78,"column":16},"end":{"line":78,"column":38}},"loc":{"start":{"line":78,"column":66},"end":{"line":80,"column":null}},"line":78},"7":{"name":"trackSeoProductBridgeClick","decl":{"start":{"line":82,"column":16},"end":{"line":82,"column":43}},"loc":{"start":{"line":82,"column":78},"end":{"line":84,"column":null}},"line":82},"8":{"name":"trackSeoSignup","decl":{"start":{"line":86,"column":16},"end":{"line":86,"column":31}},"loc":{"start":{"line":86,"column":45},"end":{"line":88,"column":null}},"line":86},"9":{"name":"trackSeoRecipeSaved","decl":{"start":{"line":90,"column":16},"end":{"line":90,"column":36}},"loc":{"start":{"line":90,"column":50},"end":{"line":92,"column":null}},"line":90},"10":{"name":"trackSeoBatchStarted","decl":{"start":{"line":94,"column":16},"end":{"line":94,"column":37}},"loc":{"start":{"line":94,"column":51},"end":{"line":96,"column":null}},"line":94},"11":{"name":"trackSeoPaid","decl":{"start":{"line":98,"column":16},"end":{"line":98,"column":29}},"loc":{"start":{"line":98,"column":43},"end":{"line":100,"column":null}},"line":98}},"branchMap":{"0":{"loc":{"start":{"line":8,"column":21},"end":{"line":8,"column":null}},"type":"binary-expr","locations":[{"start":{"line":8,"column":21},"end":{"line":8,"column":61}},{"start":{"line":8,"column":61},"end":{"line":8,"column":null}}],"line":8},"1":{"loc":{"start":{"line":14,"column":2},"end":{"line":14,"column":null}},"type":"if","locations":[{"start":{"line":14,"column":2},"end":{"line":14,"column":null}},{"start":{},"end":{}}],"line":14},"2":{"loc":{"start":{"line":31,"column":2},"end":{"line":31,"column":null}},"type":"if","locations":[{"start":{"line":31,"co
[...]
,"/opt/data/studio/apps/soapcraft-pro/lib/seo/metadata.ts": {"path":"/opt/data/studio/apps/soapcraft-pro/lib/seo/metadata.ts","statementMap":{"0":{"start":{"line":11,"column":64},"end":{"line":11,"column":null}},"1":{"start":{"line":12,"column":14},"end":{"line":12,"column":null}},"2":{"start":{"line":14,"column":2},"end":{"line":35,"column":null}},"3":{"start":{"line":48,"column":4},"end":{"line":48,"column":null}},"4":{"start":{"line":49,"column":14},"end":{"line":49,"column":null}},"5":{"start":{"line":51,"column":2},"end":{"line":76,"column":null}}},"fnMap":{"0":{"name":"pageMetadata","decl":{"start":{"line":4,"column":16},"end":{"line":4,"column":29}},"loc":{"start":{"line":10,"column":13},"end":{"line":36,"column":null}},"line":10},"1":{"name":"articleMetadata","decl":{"start":{"line":38,"column":16},"end":{"line":38,"column":32}},"loc":{"start":{"line":46,"column":13},"end":{"line":77,"column":null}},"line":46}},"branchMap":{"0":{"loc":{"start":{"line":11,"column":36},"end":{"line":11,"column":54}},"type":"default-arg","locations":[{"start":{"line":11,"column":43},"end":{"line":11,"column":54}}],"line":11},"1":{"loc":{"start":{"line":23,"column":10},"end":{"line":23,"column":null}},"type":"cond-expr","locations":[{"start":{"line":23,"column":18},"end":{"line":23,"column":61}},{"start":{"line":23,"column":61},"end":{"line":23,"column":null}}],"line":23},"2":{"loc":{"start":{"line":29,"column":10},"end":{"line":29,"column":null}},"type":"cond-expr","locations":[{"start":{"line":29,"column":18},"end":{"line":29,"column":40}},{"start":{"line":29,"column":40},"end":{"line":29,"column":null}}],"line":29},"3":{"loc":{"start":{"line":62,"column":10},"end":{"line":64,"column":null}},"type":"cond-expr","locations":[{"start":{"line":63,"column":10},"end":{"line":63,"column":null}},{"start":{"line":64,"column":10},"end":{"line":64,"column":null}}],"line":62},"4":{"loc":{"start":{"line":63,"column":40},"end":{"line":63,"column":58}},"type":"binary-expr","locations":[{"start":{"line":63,"column":40},"end":{"line":63,"column":52}},{"start":{"line":63,"column":52},"end":{"line":63,"column":58}}],"line":63},"5":{"loc":{"start":{"line":70,"column":10},"end":{"line":70,"column":null}},"type":"cond-expr","locations":[{"start":{"line":70,"column":18},"end":{"line":70,"column":40}},{"start":{"line":70,"column":40},"end":{"line":70,"column":null}}],"line":70}},"s":{"0":0,"1":0,"2":0,"3":0,"4":0,"5":0},"f":{"0":0,"1":0},"b":{"0":[0],"1":[0,0],"2":[0,0],"3":[0,0],"4":[0,0],"5":[0,0]},"meta":{"lastBranch":6,"lastFunction":2,"lastStatement":6,"seen":{"f:4:16:4:29":0,"s:11:64:11:Infinity":0,"b:11:43:11:54":0,"s:12:14:12:Infinity":1,"s:14:2:35:Infinity":2,"b:23:18:23:61:23:61:23:Infinity":1,"b:29:18:29:40:29:40:29:Infinity":2,"f:38:16:38:32":1,"s:48:4:48:Infinity":3,"s:49:14:49:Infinity":4,"s:51:2:76:Infinity":5,"b:63:10:63:Infinity:64:10:64:Infinity":3,"b:63:40:63:52:63:52:63:58":4,"b:70:18:70:40:70:40:70:Infinity":5},"fnNames":{}}}
,"/opt/data/studio/apps/soapcraft-pro/lib/seo/site-url.ts": {"path":"/opt/data/studio/apps/soapcraft-pro/lib/seo/site-url.ts","statementMap":{"0":{"start":{"line":2,"column":2},"end":{"line":3,"column":null}}},"fnMap":{},"branchMap":{"0":{"loc":{"start":{"line":2,"column":2},"end":{"line":3,"column":null}},"type":"binary-expr","locations":[{"start":{"line":2,"column":2},"end":{"line":2,"column":null}},{"start":{"line":3,"column":2},"end":{"line":3,"column":null}}],"line":2}},"s":{"0":0},"f":{},"b":{"0":[0,0]},"meta":{"lastBranch":1,"lastFunction":0,"lastStatement":1,"seen":{"s:2:2:3:Infinity":0,"b:2:2:2:Infinity:3:2:3:Infinity":0},"fnNames":{}}}
,"/opt/data/studio/apps/soapcraft-pro/lib/state-machine/making.ts": {"path":"/opt/data/studio/apps/soapcraft-pro/lib/state-machine/making.ts","statementMap":{"0":{"start":{"line":57,"column":33},"end":{"line":64,"column":null}},"1":{"start":{"line":67,"column":2},"end":{"line":84,"column":null}},"2":{"start":{"line":88,"column":2},"end":{"line":90,"column":null}},"3":{"start":{"line":89,"column":4},"end":{"line":89,"column":null}},"4":{"start":{"line":92,"column":2},"end":{"line":98,"column":null}},"5":{"start":{"line":102,"column":2},"end":{"line":104,"column":null}},"6":{"start":{"line":103,"column":4},"end":{"line":103,"column":null}},"7":{"start":{"line":105,"column":2},"end":{"line":107,"column":null}},"8":{"start":{"line":106,"column":4},"end":{"line":106,"column":null}},"9":{"start":{"line":109,"column":2},"end":{"line":121,"column":null}},"10":{"start":{"line":125,"column":2},"end":{"line":127,"column":null}},"11":{"start":{"line":126,"column":4},"end":{"line":126,"column":null}},"12":{"start":{"line":129,"column":2},"end":{"line":139,"column":null}},"13":{"start":{"line":143,"column":2},"end":{"line":145,"column":null}},"14":{"start":{"line":144,"column":4},"end":{"line":144,"column":null}},"15":{"start":{"line":147,"column":2},"end":{"line":158,"column":null}},"16":{"start":{"line":163,"column":2},"end":{"line":165,"column":null}},"17":{"start":{"line":164,"column":4},"end":{"line":164,"column":null}},"18":{"start":{"line":167,"column":14},"end":{"line":167,"column":null}},"19":{"start":{"line":168,"column":20},"end":{"line":168,"column":null}},"20":{"start":{"line":169,"column":22},"end":{"line":169,"column":null}},"21":{"start":{"line":170,"column":18},"end":{"line":170,"column":null}},"22":{"start":{"line":172,"column":2},"end":{"line":178,"column":null}},"23":{"start":{"line":183,"column":20},"end":{"line":183,"column":null}},"24":{"start":{"line":184,"column":23},"end":{"line":184,"column":null}},"25":{"start":{"line":186,"column":2},"end":{"line":188,"column":null}},"26":{"start":{"line":187,"column":4},"end":{"line":187,"column":null}},"27":{"start":{"line":190,"column":23},"end":{"line":190,"column":null}},"28":{"start":{"line":191,"column":20},"end":{"line":191,"column":null}},"29":{"start":{"line":194,"column":2},"end":{"line":209,"column":null}},"30":{"start":{"line":196,"column":4},"end":{"line":208,"column":null}},"31":{"start":{"line":211,"column":2},"end":{"line":216,"column":null}},"32":{"start":{"line":220,"column":20},"end":{"line":220,"column":null}},"33":{"start":{"line":221,"column":23},"end":{"line":221,"column":null}},"34":{"start":{"line":223,"column":2},"end":{"line":225,"column":null}},"35":{"start":{"line":224,"column":4},"end":{"line":224,"column":null}},"36":{"start":{"line":227,"column":2},"end":{"line":229,"column":null}},"37":{"start":{"line":228,"column":4},"end":{"line":228,"column":null}},"38":{"start":{"line":231,"column":21},"end":{"line":231,"column":null}},"39":{"start":{"line":232,"column":20},"end":{"line":232,"column":null}},"40":{"start":{"line":234,"column":2},"end":{"line":249,"column":null}},"41":{"start":{"line":235,"column":4},"end":{"line":248,"column":null}},"42":{"start":{"line":251,"column":2},"end":{"line":256,"column":null}},"43":{"start":{"line":260,"column":2},"end":{"line":262,"column":null}},"44":{"start":{"line":261,"column":4},"end":{"line":261,"column":null}},"45":{"start":{"line":264,"column":2},"end":{"line":274,"column":null}},"46":{"start":{"line":291,"column":2},"end":{"line":297,"column":null}},"47":{"start":{"line":292,"column":4},"end":{"line":294,"column":null}},"48":{"start":{"line":293,"column":6},"end":{"line":293,"column":null}},"49":{"start":{"line":295,"column":21},"end":{"line":295,"column":null}},"50":{"start":{"line":296,"column":4},"end":{"line":296,"column":null}},"51":{"start":{"line":299,"column":2},"end":{"line":306,"column":null}},"52":{"start":{"line":301,"column":4},"end":{"line":303,"column":null}},"53":{"start":{"line":302,"column":6},"end":{"line":302,"column":null}},"54":{"start":{"line":304,"column":21},"end":{"line":304,"column":null}},"55":{"start":{"line":305,"column":4},"end":{"line":305,"column":null}},"56":{"start":{"line":308,"column":2},"end":{"line":315,"column":null}},"57":{"start":{"line":310,"column":4},"end":{"line":312,"column":null}},"58":{"start":{"line":310,"column":39},"end":{"line":310,"column":65}},"59":{"start":{"line":311,"column":6},"end":{"line":311,"column":null}},"60":{"start":{"line":313,"column":21},"end":{"line":313,"column":null}},"61":{"start":{"line":314,"column":4},"end":{"line":314,"column":null}},"62":{"start":{"line":317,"column":2},"end":{"line":317,"column":null}}},"fnMap":{"0":{"name":"createInitialMakingState","decl":{"start":{"line":66,"column":16},"end":{"line":66,"column":41}},"loc":{"start":{"line":66,"column":71},"end":{"line":85,"column":null}},"line":66},"1":{"name":"acknowledgeSafety","decl":{"start":{"line":87,"column":16},"end":{"line":87,"column":34}},"loc":{"start":{"line":87,"column":86},"end":{"line":99,"column":null}},"line":87},"2":{"name":"startMaking","decl":{"start":{"line":101,"column":16},"end":{"line":101,"column":28}},"loc":{"start":{"line":101,"column":80},"end":{"line":122,"column":null}},"line":101},"3":{"name":"pauseTimer","decl":{"start":{"line":124,"column":16},"end":{"line":124,"column":27}},"loc":{"start":{"line":124,"column":79},"end":{"line":140,"column":null}},"line":124},"4":{"name":"resumeTimer","decl":{"start":{"line":142,"column":16},"end":{"line":142,"column":28}},"loc":{"start":{"line":142,"column":80},"end":{"line":159,"column":null}},"line":142},"5":{"name":"reconstructTimer","decl":{"start":{"line":161,"column":16},"end":{"line":161,"column":33}},"loc":{"start":{"line":161,"column":66},"end":{"line":179,"column":null}},"line":161},"6":{"name":"completeStep","decl":{"start":{"line":181,"column":16},"end":{"line":181,"column":29}},"loc":{"start":{"line":181,"column":99},"end":{"line":217,"column":null}},"line":181},"7":{"name":"skipStep","decl":{"start":{"line":219,"column":16},"end":{"line":219,"column":25}},"loc":{"start":{"line":219,"column":111},"end":{"line":257,"column":null}},"line":219},"8":{"name":"abandonMaking","decl":{"start":{"line":259,"column":16},"end":{"line":259,"column":30}},"loc":{"start":{"line":259,"column":82},"end":{"line":275,"column":null}},"line":259},"9":{"name":"applyTransition","decl":{"start":{"line":285,"column":16},"end":{"line":285,"column":null}},"loc":{"start":{"line":289,"column":20},"end":{"line":318,"column":null}},"line":289},"10":{"name":"(anonymous_10)","decl":{"start":{"line":310,"column":27},"end":{"line":310,"column":33}},"loc":{"start":{"line":310,"column":39},"end":{"line":310,"column":65}},"line":310}},"branchMap":{"0":{"loc":{"start":{"line":88,"column":2},"end":{"line":90,"column":null}},"type":"if","locations":[{"start":{"line":88,"column":2},"end":{"line":90,"column":null}},{"start":{},"end":{}}],"line":88},"1":{"loc":{"start":{"line":102,"column":2},"end":{"line":104,"column":null}},"type":"if","locations":[{"start":{"line":102,"column":2},"end":{"line":104,"column":null}},{"start":{},"end":{}}],"line":102},"2":{"loc":{"start":{"line":102,"column":6},"end":{"line":102,"column":68}},"type":"binary-expr","locations":[{"start":{"line":102,"column":6},"end":{"line":102,"column":38}},{"start":{"line":102,"column":38},"end":{"line":102,"column":68}}],"line":102},"3":{"loc":{"start":{"line":105,"column":2},"end":{"line":107,"column":null}},"type":"if","locations":[{"start":{"line":105,"column":2},"end":{"line":107,"column":null}},{"start":{},"end":{}}],"line":105},"4":{"loc":{"start":{"line":125,"column":2},"end":{"line":127,"column":null}},"type":"if","locations":[{"start":{"line":125,"column":2},"end":{"line":127,"column":null}},{"start":{},"end":{}}],"line":125},"5":{"loc":{"start":{"line":125,"column":6},"end":{"line":125,"column":62}},"type":"binary-expr","locations":[{"start":{"line":125,"column":6},"end":{"line":125,"column":40}},{"start":{"line":125,"column":40},"end":{"line":125,"column":62}}],"line":125},"6":{"loc":{"start":{"line":143,"column":2},"end":{"line":145,"column":null}},"type":"if","locations":[{"start":{"line":143,"column":2},"end":{"line":145,"column":null}},{"start":{},"end":{}}],"line":143},"7":{"loc":{"start":{"line":143,"column":6},"end":{"line":143,"column":86}},"type":"binary-expr","locations":[{"start":{"line":143,"column":6},"end":{"line":143,"column":40}},{"start":{"line":143,"column":40},"end":{"line":143,"column":63}},{"start":{"line":143,"column":63},"end":{"line":143,"column":86}}],"line":143},"8":{"loc":{"start":{"line":163,"column":2},"end":{"line":165,"column":null}},"type":"if","locations":[{"start":{"line":163,"column":2},"end":{"line":165,"column":null}},{"start":{},"end":{}}],"line":163},"9":{"loc":{"start":{"line":163,"column":6},"end":{"line":163,"column":88}},"type":"binary-expr","locations":[{"start":{"line":163,"column":6},"end":{"line":163,"column":40}},{"start":{"line":163,"column":40},"end":{"line":163,"column":64}},{"start":{"line":163,"column":64},"end":{"line":163,"column":88}}],"line":163},"10":{"loc":{"start":{"line":186,"column":2},"end":{"line":188,"column":null}},"type":"if","locations":[{"start":{"line":186,"column":2},"end":{"line":188,"column":null}},{"start":{},"end":{}}],"line":186},"11":{"loc":{"start":{"line":194,"column":2},"end":{"line":209,"column":null}},"type":"if","locations":[{"start":{"line":194,"column":2},"end":{"line":209,"column":null}},{"start":{},"end":{}}],"line":194},"12":{"loc":{"start":{"line":223,"column":2},"end":{"line":225,"column":null}},"type":"if","locations":[{"start":{"line":223,"column":2},"end":{"line":225,"column":null}},{"start":{},"end":{}}],"line":223},"13":{"loc":{"start":{"line":227,"column":2},"end":{"line":229,"column":null}},"type":"if","locations":[{"start":{"line":227,"column":2},"end":{"line":229,"column":null}},{"start":{},"end":{}}],"line":227},"14":{"loc":{"start":{"line":234,"column":2},"end":{"line":249,"column":null}},"type":"if","locations":[{"start":{"line":234,"column":2},"end":{"line":249,"column":null}},{"start":{},"end":{}}],"line":234},"15":{"loc":{"start":{"line":260,"column":2},"end":{"line":262,"column":null}},"type":"if","locations":[{"start":{"line":260,"column":2},"end":{"line":262,"column":null}},{"start":{},"end":{}}],"line":260},"16":{"loc":{"start":{"line":291,"column":2},"end":{"line":297,"column":null}},"type":"if","locations":[{"start":{"line":291,"column":2},"end":{"line":297,"column":null}},{"start":{},"end":{}}],"line":291},"17":{"loc":{"start":{"line":292,"column":4},"end":{"line":294,"column":null}},"type":"if","locations":[{"start":{"line":292,"column":4},"end":{"line":294,"column":null}},{"start":{},"end":{}}],"line":292},"18":{"loc":{"start":{"line":292,"column":8},"end":{"line":292,"column":89}},"type":"binary-expr","locations":[{"start":{"line":292,"column":8},"end":{"line":292,"column":36}},{"start":{"line":292,"column":36},"end":{"line":292,"column":89}}],"line":292},"19":{"loc":{"start":{"line":299,"column":2},"end":{"line":306,"column":null}},"type":"if","locations":[{"start":{"line":299,"column":2},"end":{"line":306,"column":null}},{"start":{},"end":{}}],"line":299},"20":{"loc":{"start":{"line":301,"column":4},"end":{"line":303,"column":null}},"type":"if","locations":[{"start":{"line":301,"column":4},"end":{"line":303,"column":null}},{"start":{},"end":{}}],"line":301},"21":{"loc":{"start":{"line":308,"column":2},"end":{"line":315,"column":null}},"type":"if","locations":[{"start":{"line":308,"column":2},"end":{"line":315,"column":null}},{"start":{},"end":{}}],"line":308},"22":{"loc":{"start":{"line":310,"column":4},"end":{"line":312,"column":null}},"type":"if","locations":[{"start":{"line":310,"column":4},"end":{"line":312,"column":null}},{"start":{},"end":{}}],"line":310},"23":{"loc":{"start":{"line":313,"column":54},"end":{"line":313,"column":83}},"type":"binary-expr","locations":[{"start":{"line":313,"column":54},"end":{"line":313,"column":79}},{"start":{"line":313,"column":79},"end":{"line":313,"column":83}}],"line":313}},"s":{"0":1,"1":27,"2":20,"3":1,"4":19,"5":21,"6":2,"7":19,"8":2,"9":17,"10":3,"11":1,"12":2,"13":1,"14":0,"15":1,"16":1,"17":0,"18":1,"19":1,"20":1,"21":1,"22":1,"23":10,"24":10,"25":10,"26":1,"27":9,"28":9,"29":9,"30":1,"31":8,"32":5,"33":5,"34":5,"35":1,"36":4,"37":1,"38":3,"39":3,"40":3,"41":0,"42":3,"43":2,"44":1,"45":1,"46":5,"47":1,"48":1,"49":0,"50":0,"51":4,"52":2,"53":2,"54":0,"55":0,"56":2,"57":2,"58":2,"59":2,"60":0,"61":2,"62":0},"f":{"0":27,"1":20,"2":21,"3":3,"4":1,"5":1,"6":10,"7":5,"8":2,"9":5,"10":2},"b":{"0":[1,19],"1":[2,19],"2":[21,20],"3":[2,17],"4":[1,2],"5":[3,2],"6":[0,1],"7":[1,1,1],"8":[0,1],"9":[1,1,1],"10":[1,9],"11":[1,8],"12":[1,4],"13":[1,3],"14":[0,3],"15":[1,1],"16":[1,4],"17":[1,0],"18":[1,1],"19":[2,2],"20":[2,0],"21":[2,0],"22":[2,0],"23":[0,0]},"meta":{"lastBranch":24,"lastFunction":11,"lastStatement":63,"seen":{"s:57:33:64:Infinity":0,"f:66:16:66:41":0,"s:67:2:84:Infinity":1,"f:87:16:87:34":1,"b:88:2:90:Infinity:undefined:undefined:undefined:undefined":0,"s:88:2:90:Infinity":2,"s:89:4:89:Infinity":3,"s:92:2:98:Infinity":4,"f:101:16:101:28":2,"b:102:2:104:Infinity:undefined:undefined:undefined:undefined":1,"s:102:2:104:Infinity":5,"b:102:6:102:38:102:38:102:68":2,"s:103:4:103:Infinity":6,"b:105:2:107:Infinity:undefined:undefined:undefined:undefined":3,"s:105:2:107:Infinity":7,"s:106:4:106:Infinity":8,"s:109:2:121:Infinity":9,"f:124:16:124:27":3,"b:125:2:127:Infinity:undefined:undefined:undefined:undefined":4,"s:125:2:127:Infinity":10,"b:125:6:125:40:125:40:125:62":5,"s:126:4:126:Infinity":11,"s:129:2:139:Infinity":12,"f:142:16:142:28":4,"b:143:2:145:Infinity:undefined:undefined:undefined:undefined":6,"s:143:2:145:Infinity":13,"b:143:6:143:40:143:40:143:63:143:63:143:86":7,"s:144:4:144:Infinity":14,"s:147:2:158:Infinity":15,"f:161:16:161:33":5,"b:163:2:165:Infinity:undefined:undefined:undefined:undefined":8,"s:163:2:165:Infinity":16,"b:163:6:163:40:163:40:163:64:163:64:163:88":9,"s:164:4:164:Infinity":17,"s:167:14:167:Infinity":18,"s:168:20:168:Infinity":19,"s:169:22:169:Infinity":20,"s:170:18:170:Infinity":21,"s:172:2:178:Infinity":22,"f:181:16:181:29":6,"s:183:20:183:Infinity":23,"s:184:23:184:Infinity":24,"b:186:2:188:Infinity:undefined:undefined:undefined:undefined":10,"s:186:2:188:Infinity":25,"s:187:4:187:Infinity":26,"s:190:23:190:Infinity":27,"s:191:20:191:Infinity":28,"b:194:2:209:Infinity:undefined:undefined:undefined:undefined":11,"s:194:2:209:Infinity":29,"s:196:4:208:Infinity":30,"s:211:2:216:Infinity":31,"f:219:16:219:25":7,"s:220:20:220:Infinity":32,"s:221:23:221:Infinity":33,"b:223:2:225:Infinity:undefined:undefined:undefined:undefined":12,"s:223:2:225:Infinity":34,"s:224:4:224:Infinity":35,"b:227:2:229:Infinity:undefined:undefined:undefined:undefined":13,"s:227:2:229:Infinity":36,"s:228:4:228:Infinity":37,"s:231:21:231:Infinity":38,"s:232:20:232:Infinity":39,"b:234:2:249:Infinity:undefined:undefined:undefined:undefined":14,"s:234:2:249:Infinity":40,"s:235:4:248:Infinity":41,"s:251:2:256:Infinity":42,"f:259:16:259:30":8,"b:260:2:262:Infinity:undefined:undefined:undefined:undefined":15,"s:260:2:262:Infinity":43,"s:261:4:261:Infinity":44,"s:264:2:274:Infinity":45,"f:285:16:285:Infinity":9,"b:291:2:297:Infinity:undefined:undefined:undefined:undefined":16,"s:291:2:297:Infinity":46,"b:292:4:294:Infinity:undefined:undefined:undefined:undefined":17,"s:292:4:294:Infinity":47,"b:292:8:292:36:292:36:292:89":18,"s:293:6:293:Infinity":48,"s:295:21:295:Infinity":49,"s:296:4:296:Infinity":50,"b:299:2:306:Infinity:undefined:undefined:undefined:undefined":19,"s:299:2:306:Infinity":51,"b:301:4:303:Infinity:undefined:undefined:undefined:undefined":20,"s:301:4:303:Infinity":52,"s:302:6:302:Infinity":53,"s:304:21:304:Infinity":54,"s:305:4:305:Infinity":55,"b:308:2:315:Infinity:undefined:undefined:undefined:undefined":21,"s:308:2:315:Infinity":56,"b:310:4:312:Infinity:undefined:undefined:undefined:undefined":22,"s:310:4:312:Infinity":57,"f:310:27:310:33":10,"s:310:39:310:65":58,"s:311:6:311:Infinity":59,"s:313:21:313:Infinity":60,"b:313:54:313:79:313:79:313:83":23,"s:314:4:314:Infinity":61,"s:317:2:317:Infinity":62},"fnNames":{}}}
}
